Using pre-set license
Built from '2022.1/staging' branch; Version is '2022.1.16f1 (7321c9670bc2) revision 7545289'; Using compiler version '192829333'; Build Type 'Release'
OS: 'Windows 11  (10.0.22621) 64bit Professional' Language: 'en' Physical Memory: 32438 MB
BatchMode: 1, IsHumanControllingUs: 0, StartBugReporterOnCrash: 0, Is64bit: 1, IsPro: 1

COMMAND LINE ARGUMENTS:
C:\Program Files\Unity 2022.1.16f1\Editor\Unity.exe
-adb2
-batchMode
-noUpm
-name
AssetImportWorker16
-projectPath
C:/Users/miss_/OneDrive/Documents/TPJeu/5J5
-logFile
Logs/AssetImportWorker16.log
-srvPort
58138
Successfully changed project path to: C:/Users/miss_/OneDrive/Documents/TPJeu/5J5
C:/Users/miss_/OneDrive/Documents/TPJeu/5J5
[UnityMemory] Configuration Parameters - Can be set up in boot.config
    "memorysetup-bucket-allocator-granularity=16"
    "memorysetup-bucket-allocator-bucket-count=8"
    "memorysetup-bucket-allocator-block-size=33554432"
    "memorysetup-bucket-allocator-block-count=8"
    "memorysetup-main-allocator-block-size=16777216"
    "memorysetup-thread-allocator-block-size=16777216"
    "memorysetup-gfx-main-allocator-block-size=16777216"
    "memorysetup-gfx-thread-allocator-block-size=16777216"
    "memorysetup-cache-allocator-block-size=4194304"
    "memorysetup-typetree-allocator-block-size=2097152"
    "memorysetup-profiler-bucket-allocator-granularity=16"
    "memorysetup-profiler-bucket-allocator-bucket-count=8"
    "memorysetup-profiler-bucket-allocator-block-size=33554432"
    "memorysetup-profiler-bucket-allocator-block-count=8"
    "memorysetup-profiler-allocator-block-size=16777216"
    "memorysetup-profiler-editor-allocator-block-size=1048576"
    "memorysetup-temp-allocator-size-main=16777216"
    "memorysetup-job-temp-allocator-block-size=2097152"
    "memorysetup-job-temp-allocator-block-size-background=1048576"
    "memorysetup-job-temp-allocator-reduction-small-platforms=262144"
    "memorysetup-temp-allocator-size-background-worker=32768"
    "memorysetup-temp-allocator-size-job-worker=262144"
    "memorysetup-temp-allocator-size-preload-manager=33554432"
    "memorysetup-temp-allocator-size-nav-mesh-worker=65536"
    "memorysetup-temp-allocator-size-audio-worker=65536"
    "memorysetup-temp-allocator-size-cloud-worker=32768"
    "memorysetup-temp-allocator-size-gi-baking-worker=262144"
    "memorysetup-temp-allocator-size-gfx=262144"
Refreshing native plugins compatible for Editor in 160.74 ms, found 3 plugins.
Preloading 0 native plugins for Editor in 0.00 ms.
Initialize engine version: 2022.1.16f1 (7321c9670bc2)
[Subsystems] Discovering subsystems at path C:/Program Files/Unity 2022.1.16f1/Editor/Data/Resources/UnitySubsystems
[Subsystems] Discovering subsystems at path C:/Users/miss_/OneDrive/Documents/TPJeu/5J5/Assets
GfxDevice: creating device client; threaded=0; jobified=0
Direct3D:
    Version:  Direct3D 11.0 [level 11.1]
    Renderer: Intel(R) Iris(R) Xe Graphics (ID=0x46a6)
    Vendor:   Intel
    VRAM:     16219 MB
    Driver:   30.0.101.1298
Initialize mono
Mono path[0] = 'C:/Program Files/Unity 2022.1.16f1/Editor/Data/Managed'
Mono path[1] = 'C:/Program Files/Unity 2022.1.16f1/Editor/Data/MonoBleedingEdge/lib/mono/unityjit-win32'
Mono config path = 'C:/Program Files/Unity 2022.1.16f1/Editor/Data/MonoBleedingEdge/etc'
Using monoOptions --debugger-agent=transport=dt_socket,embedding=1,server=y,suspend=n,address=127.0.0.1:56796
Begin MonoManager ReloadAssembly
Registering precompiled unity dll's ...
Register platform support module: C:/Program Files/Unity 2022.1.16f1/Editor/Data/PlaybackEngines/WindowsStandaloneSupport/UnityEditor.WindowsStandalone.Extensions.dll
Registered in 0.003134 seconds.
Native extension for WindowsStandalone target not found
Refreshing native plugins compatible for Editor in 128.63 ms, found 3 plugins.
Preloading 0 native plugins for Editor in 0.00 ms.
Mono: successfully reloaded assembly
- Completed reload, in  0.858 seconds
Domain Reload Profiling:
	ReloadAssembly (859ms)
		BeginReloadAssembly (113ms)
			ExecutionOrderSort (0ms)
			DisableScriptedObjects (0ms)
			BackupInstance (0ms)
			ReleaseScriptingObjects (0ms)
			CreateAndSetChildDomain (1ms)
		EndReloadAssembly (618ms)
			LoadAssemblies (111ms)
			RebuildTransferFunctionScriptingTraits (0ms)
			SetupTypeCache (144ms)
				TypeCache.Initialize (142ms)
					TypeCache.ScanAssembly (139ms)
				ResolveRequiredComponents (1ms)
			ReleaseScriptCaches (0ms)
			RebuildScriptCaches (44ms)
			SetupLoadedEditorAssemblies (349ms)
				LogAssemblyErrors (0ms)
				InitializePlatformSupportModulesInManaged (9ms)
				SetLoadedEditorAssemblies (14ms)
				RefreshPlugins (129ms)
				BeforeProcessingInitializeOnLoad (1ms)
				ProcessInitializeOnLoadAttributes (162ms)
				ProcessInitializeOnLoadMethodAttributes (35ms)
				AfterProcessingInitializeOnLoad (0ms)
				EditorAssembliesLoaded (0ms)
			ExecutionOrderSort2 (0ms)
			AwakeInstancesAfterBackupRestoration (0ms)
Platform modules already initialized, skipping
Registering precompiled user dll's ...
Registered in 0.006457 seconds.
Begin MonoManager ReloadAssembly
Symbol file LoadedFromMemory doesn't match image C:\Users\miss_\OneDrive\Documents\TPJeu\5J5\Library\PackageCache\com.unity.visualscripting@1.7.8\Editor\VisualScripting.Core\Dependencies\YamlDotNet\Unity.VisualScripting.YamlDotNet.dll
Symbol file LoadedFromMemory doesn't match image C:\Users\miss_\OneDrive\Documents\TPJeu\5J5\Library\PackageCache\com.unity.visualscripting@1.7.8\Editor\VisualScripting.Core\Dependencies\DotNetZip\Unity.VisualScripting.IonicZip.dll
Native extension for WindowsStandalone target not found
Refreshing native plugins compatible for Editor in 99.68 ms, found 3 plugins.
Preloading 0 native plugins for Editor in 0.00 ms.
Mono: successfully reloaded assembly
- Completed reload, in 10.331 seconds
Domain Reload Profiling:
	ReloadAssembly (10332ms)
		BeginReloadAssembly (83ms)
			ExecutionOrderSort (0ms)
			DisableScriptedObjects (5ms)
			BackupInstance (0ms)
			ReleaseScriptingObjects (0ms)
			CreateAndSetChildDomain (15ms)
		EndReloadAssembly (10171ms)
			LoadAssemblies (5988ms)
			RebuildTransferFunctionScriptingTraits (0ms)
			SetupTypeCache (1193ms)
				TypeCache.Initialize (1184ms)
					TypeCache.ScanAssembly (1180ms)
				ResolveRequiredComponents (9ms)
			ReleaseScriptCaches (1ms)
			RebuildScriptCaches (71ms)
			SetupLoadedEditorAssemblies (2861ms)
				LogAssemblyErrors (0ms)
				InitializePlatformSupportModulesInManaged (3ms)
				SetLoadedEditorAssemblies (6ms)
				RefreshPlugins (100ms)
				BeforeProcessingInitializeOnLoad (101ms)
				ProcessInitializeOnLoadAttributes (468ms)
				ProcessInitializeOnLoadMethodAttributes (2177ms)
				AfterProcessingInitializeOnLoad (6ms)
				EditorAssembliesLoaded (0ms)
			ExecutionOrderSort2 (0ms)
			AwakeInstancesAfterBackupRestoration (9ms)
Platform modules already initialized, skipping
========================================================================
Worker process is ready to serve import requests
Launched and connected shader compiler UnityShaderCompiler.exe after 0.11 seconds
Refreshing native plugins compatible for Editor in 4.97 ms, found 3 plugins.
Preloading 0 native plugins for Editor in 0.00 ms.
Unloading 5980 Unused Serialized files (Serialized files now loaded: 0)
Unloading 38 unused Assets / (350.1 KB). Loaded Objects now: 6438.
Memory consumption went from 0.92 GB to 0.92 GB.
Total: 7.705700 ms (FindLiveObjects: 0.969700 ms CreateObjectMapping: 0.347900 ms MarkObjects: 5.506300 ms  DeleteObjects: 0.877700 ms)

AssetImportParameters requested are different than current active one (requested -> active):
  custom:video-decoder-ogg-theora: a1e56fd34408186e4bbccfd4996cb3dc -> 
  custom:container-muxer-webm: aa71ff27fc2769a1b78a27578f13a17b -> 
  custom:container-demuxer-webm: 4f35f7cbe854078d1ac9338744f61a02 -> 
  custom:video-encoder-webm-vp8: eb34c28f22e8b96e1ab97ce403110664 -> 
  custom:video-codec-MediaFoundation-h265: 746d11721c4dcdbdad8f713fa42b33f4 -> 
  custom:audio-encoder-webm-vorbis: bf7c407c2cedff20999df2af8eb42d56 -> 
  custom:framework-win-MediaFoundation: 216162199b28c13a410421893ffa2e32 -> 
  custom:container-demuxer-ogg: 62fdf1f143b41e24485cea50d1cbac27 -> 
  custom:video-decoder-webm-vp8: 9c59270c3fd7afecdb556c50c9e8de78 -> 
  custom:audio-decoder-ogg-vorbis: bf7c407c2cedff20999df2af8eb42d56 -> 
========================================================================
Received Import Request.
  Time since last request: 224021.405233 seconds.
  path: Assets/Fantasy Skybox FREE/Cubemaps/FS013/FS013_Night_Moonless_Cubemap.mat
  artifactKey: Guid(52b6d30a38a2c844dbd84eb9828b22b8) Importer(815301076,1909f56bfc062723c751e8b465ee728b)
Start importing Assets/Fantasy Skybox FREE/Cubemaps/FS013/FS013_Night_Moonless_Cubemap.mat using Guid(52b6d30a38a2c844dbd84eb9828b22b8) Importer(815301076,1909f56bfc062723c751e8b465ee728b)  -> (artifact id: 'b315fd72aecef240470916b446376ec2') in 0.737738 seconds 
========================================================================
Received Import Request.
  Time since last request: 1.736627 seconds.
  path: Assets/Fantasy Skybox FREE/Cubemaps/FS013/Images/FS013_Day_Cubemap_front.png
  artifactKey: Guid(6413e41406a0ee5408f4e8a51c7b1290) Importer(815301076,1909f56bfc062723c751e8b465ee728b)
Start importing Assets/Fantasy Skybox FREE/Cubemaps/FS013/Images/FS013_Day_Cubemap_front.png using Guid(6413e41406a0ee5408f4e8a51c7b1290) Importer(815301076,1909f56bfc062723c751e8b465ee728b)  -> (artifact id: '8f4dafc65faa6b9e0d46c8b6920234e2') in 0.036872 seconds 
========================================================================
Received Import Request.
  Time since last request: 0.010544 seconds.
  path: Assets/Fantasy Skybox FREE/Cubemaps/FS013/Images/FS013_Day_Sunless_Cubemap_back.png
  artifactKey: Guid(95fdc0a55d9b26a4c91f378509734c05) Importer(815301076,1909f56bfc062723c751e8b465ee728b)
Start importing Assets/Fantasy Skybox FREE/Cubemaps/FS013/Images/FS013_Day_Sunless_Cubemap_back.png using Guid(95fdc0a55d9b26a4c91f378509734c05) Importer(815301076,1909f56bfc062723c751e8b465ee728b)  -> (artifact id: 'cdba90d9cb3a082c90203315cf0543bb') in 0.016482 seconds 
========================================================================
Received Import Request.
  Time since last request: 0.000032 seconds.
  path: Assets/Fantasy Skybox FREE/Cubemaps/FS013/Images/FS013_Day_Sunless_Cubemap_left.png
  artifactKey: Guid(8f6c6678540f8c0498eae4a26065b1f6) Importer(815301076,1909f56bfc062723c751e8b465ee728b)
Start importing Assets/Fantasy Skybox FREE/Cubemaps/FS013/Images/FS013_Day_Sunless_Cubemap_left.png using Guid(8f6c6678540f8c0498eae4a26065b1f6) Importer(815301076,1909f56bfc062723c751e8b465ee728b)  -> (artifact id: '533097685aa0577969812f5d38e3f412') in 0.020485 seconds 
========================================================================
Received Import Request.
  Time since last request: 0.001748 seconds.
  path: Assets/Fantasy Skybox FREE/Cubemaps/FS013/Images/FS013_Night_Cubemap_back.png
  artifactKey: Guid(87138e7a891fd3046849f2e76c1206b1) Importer(815301076,1909f56bfc062723c751e8b465ee728b)
Start importing Assets/Fantasy Skybox FREE/Cubemaps/FS013/Images/FS013_Night_Cubemap_back.png using Guid(87138e7a891fd3046849f2e76c1206b1) Importer(815301076,1909f56bfc062723c751e8b465ee728b)  -> (artifact id: '4b353152145ce0f0ce4c0342f08b6bf0') in 0.017139 seconds 
========================================================================
Received Import Request.
  Time since last request: 0.000023 seconds.
  path: Assets/Fantasy Skybox FREE/Cubemaps/FS013/Images/FS013_Night_Cubemap_up.png
  artifactKey: Guid(509bd86752904584f86472d3b0cde574) Importer(815301076,1909f56bfc062723c751e8b465ee728b)
Start importing Assets/Fantasy Skybox FREE/Cubemaps/FS013/Images/FS013_Night_Cubemap_up.png using Guid(509bd86752904584f86472d3b0cde574) Importer(815301076,1909f56bfc062723c751e8b465ee728b)  -> (artifact id: '32c359be794459ddde40ab7132c6b0e8') in 0.017636 seconds 
========================================================================
Received Import Request.
  Time since last request: 0.000044 seconds.
  path: Assets/Fantasy Skybox FREE/Cubemaps/FS013/Images/FS013_Night_Cubemap_front.png
  artifactKey: Guid(5fd592c4a90f3694ab2c5716d1f0a9e5) Importer(815301076,1909f56bfc062723c751e8b465ee728b)
Start importing Assets/Fantasy Skybox FREE/Cubemaps/FS013/Images/FS013_Night_Cubemap_front.png using Guid(5fd592c4a90f3694ab2c5716d1f0a9e5) Importer(815301076,1909f56bfc062723c751e8b465ee728b)  -> (artifact id: 'ab3e182ca56a012bcfdab9da1693586b') in 0.019282 seconds 
========================================================================
Received Import Request.
  Time since last request: 0.000025 seconds.
  path: Assets/Fantasy Skybox FREE/Cubemaps/FS013/Images/FS013_Night_Moonless_Cubemap_back.png
  artifactKey: Guid(41826ca287104f34ab7f74401ab053dd) Importer(815301076,1909f56bfc062723c751e8b465ee728b)
Start importing Assets/Fantasy Skybox FREE/Cubemaps/FS013/Images/FS013_Night_Moonless_Cubemap_back.png using Guid(41826ca287104f34ab7f74401ab053dd) Importer(815301076,1909f56bfc062723c751e8b465ee728b)  -> (artifact id: 'a53552a1882f48efcaf4eb682fba2eb6') in 0.024224 seconds 
========================================================================
Received Import Request.
  Time since last request: 0.000038 seconds.
  path: Assets/Fantasy Skybox FREE/Cubemaps/FS013/Images/FS013_Rainy_Cubemap_left.png
  artifactKey: Guid(e1484742f0675af4b8d27b842504d109) Importer(815301076,1909f56bfc062723c751e8b465ee728b)
Start importing Assets/Fantasy Skybox FREE/Cubemaps/FS013/Images/FS013_Rainy_Cubemap_left.png using Guid(e1484742f0675af4b8d27b842504d109) Importer(815301076,1909f56bfc062723c751e8b465ee728b)  -> (artifact id: 'bf0d44390fa4cde0e87b779ba41fa69e') in 0.019761 seconds 
========================================================================
Received Import Request.
  Time since last request: 0.000033 seconds.
  path: Assets/Fantasy Skybox FREE/Cubemaps/FS013/Images/FS013_Night_Moonless_Cubemap.cubemap
  artifactKey: Guid(002c4ae081facae49b8d52962f0b32af) Importer(815301076,1909f56bfc062723c751e8b465ee728b)
Start importing Assets/Fantasy Skybox FREE/Cubemaps/FS013/Images/FS013_Night_Moonless_Cubemap.cubemap using Guid(002c4ae081facae49b8d52962f0b32af) Importer(815301076,1909f56bfc062723c751e8b465ee728b)  -> (artifact id: 'a2ba072e5a778dac93b963a623df8e67') in 0.314825 seconds 
========================================================================
Received Import Request.
  Time since last request: 0.000164 seconds.
  path: Assets/Fantasy Skybox FREE/Cubemaps/FS013/Images/FS013_Night_Moonless_Cubemap_right.png
  artifactKey: Guid(0c04157e983b36b40abf43be1065bfba) Importer(815301076,1909f56bfc062723c751e8b465ee728b)
Start importing Assets/Fantasy Skybox FREE/Cubemaps/FS013/Images/FS013_Night_Moonless_Cubemap_right.png using Guid(0c04157e983b36b40abf43be1065bfba) Importer(815301076,1909f56bfc062723c751e8b465ee728b)  -> (artifact id: '8f40b9f27a35beef1023ceeb66ae535e') in 0.047251 seconds 
========================================================================
Received Import Request.
  Time since last request: 4.611954 seconds.
  path: Assets/Fantasy Skybox FREE/Cubemaps/FS013/Images/FS013_Sunset_Cubemap_front.png
  artifactKey: Guid(ff8abd214316c8b40a27074464ed2778) Importer(815301076,1909f56bfc062723c751e8b465ee728b)
Start importing Assets/Fantasy Skybox FREE/Cubemaps/FS013/Images/FS013_Sunset_Cubemap_front.png using Guid(ff8abd214316c8b40a27074464ed2778) Importer(815301076,1909f56bfc062723c751e8b465ee728b)  -> (artifact id: 'efebe7754382666b3addc0dc448c9d88') in 0.072485 seconds 
========================================================================
Received Import Request.
  Time since last request: 19.717287 seconds.
  path: Assets/Fantasy Skybox FREE/Cubemaps/FS017/FS017_Night_Moonless_Cubemap.mat
  artifactKey: Guid(53d73dd4f99c4c84d95a657e638c4553) Importer(815301076,1909f56bfc062723c751e8b465ee728b)
Start importing Assets/Fantasy Skybox FREE/Cubemaps/FS017/FS017_Night_Moonless_Cubemap.mat using Guid(53d73dd4f99c4c84d95a657e638c4553) Importer(815301076,1909f56bfc062723c751e8b465ee728b)  -> (artifact id: '31276424b6dea54e850fe51014d731cc') in 0.114313 seconds 
========================================================================
Received Import Request.
  Time since last request: 2.231211 seconds.
  path: Assets/Fantasy Skybox FREE/Cubemaps/FS017/Images/FS017_Day_Cubemap_front.png
  artifactKey: Guid(1ceccf51a4344f44cb4ae7d56e847146) Importer(815301076,1909f56bfc062723c751e8b465ee728b)
Start importing Assets/Fantasy Skybox FREE/Cubemaps/FS017/Images/FS017_Day_Cubemap_front.png using Guid(1ceccf51a4344f44cb4ae7d56e847146) Importer(815301076,1909f56bfc062723c751e8b465ee728b)  -> (artifact id: 'a2da6e7ba3afdfe5caa9274542237f51') in 0.021523 seconds 
========================================================================
Received Import Request.
  Time since last request: 0.014902 seconds.
  path: Assets/Fantasy Skybox FREE/Cubemaps/FS017/Images/FS017_Day_Sunless_Cubemap.cubemap
  artifactKey: Guid(cbfea6894aaaf174bae263a99e856595) Importer(815301076,1909f56bfc062723c751e8b465ee728b)
Start importing Assets/Fantasy Skybox FREE/Cubemaps/FS017/Images/FS017_Day_Sunless_Cubemap.cubemap using Guid(cbfea6894aaaf174bae263a99e856595) Importer(815301076,1909f56bfc062723c751e8b465ee728b)  -> (artifact id: '6d4d12057e223453c301ecc02609a56f') in 0.143822 seconds 
========================================================================
Received Import Request.
  Time since last request: 0.000028 seconds.
  path: Assets/Fantasy Skybox FREE/Cubemaps/FS017/Images/FS017_Night_Moonless_Cubemap_down.png
  artifactKey: Guid(3f604e637f058c446b0764c5f713a1e8) Importer(815301076,1909f56bfc062723c751e8b465ee728b)
Start importing Assets/Fantasy Skybox FREE/Cubemaps/FS017/Images/FS017_Night_Moonless_Cubemap_down.png using Guid(3f604e637f058c446b0764c5f713a1e8) Importer(815301076,1909f56bfc062723c751e8b465ee728b)  -> (artifact id: 'a8f68815dcf93e52baf6e8334e5c22b6') in 0.018859 seconds 
========================================================================
Received Import Request.
  Time since last request: 0.000029 seconds.
  path: Assets/Fantasy Skybox FREE/Cubemaps/FS017/Images/FS017_Rainy_Cubemap_up.png
  artifactKey: Guid(68ed1953a000a7744adfde23d5aba737) Importer(815301076,1909f56bfc062723c751e8b465ee728b)
Start importing Assets/Fantasy Skybox FREE/Cubemaps/FS017/Images/FS017_Rainy_Cubemap_up.png using Guid(68ed1953a000a7744adfde23d5aba737) Importer(815301076,1909f56bfc062723c751e8b465ee728b)  -> (artifact id: 'abee947f5bf1712d29093e715eb21727') in 0.018866 seconds 
========================================================================
Received Import Request.
  Time since last request: 0.000034 seconds.
  path: Assets/Fantasy Skybox FREE/Cubemaps/FS017/Images/FS017_Rainy_Cubemap.cubemap
  artifactKey: Guid(d1026acb082b4ac4f920e40e4fb0856b) Importer(815301076,1909f56bfc062723c751e8b465ee728b)
Start importing Assets/Fantasy Skybox FREE/Cubemaps/FS017/Images/FS017_Rainy_Cubemap.cubemap using Guid(d1026acb082b4ac4f920e40e4fb0856b) Importer(815301076,1909f56bfc062723c751e8b465ee728b)  -> (artifact id: '8fe09de45bad4fac99d44fa0fdfa2144') in 0.183634 seconds 
========================================================================
Received Import Request.
  Time since last request: 0.000073 seconds.
  path: Assets/Fantasy Skybox FREE/Cubemaps/FS017/Images/FS017_Sunrise_Cubemap_front.png
  artifactKey: Guid(b0e311d9b1b419941b0babb5ba3ceb0f) Importer(815301076,1909f56bfc062723c751e8b465ee728b)
Start importing Assets/Fantasy Skybox FREE/Cubemaps/FS017/Images/FS017_Sunrise_Cubemap_front.png using Guid(b0e311d9b1b419941b0babb5ba3ceb0f) Importer(815301076,1909f56bfc062723c751e8b465ee728b)  -> (artifact id: 'cafabf9c272c25bd510f0a5b9cf0cae1') in 0.057516 seconds 
========================================================================
Received Import Request.
  Time since last request: 67.309140 seconds.
  path: Assets/Fantasy Skybox FREE/Cubemaps/Classic/FS000_Day_02.png
  artifactKey: Guid(88c467166db994146961f1ecc5fc214e) Importer(815301076,1909f56bfc062723c751e8b465ee728b)
Start importing Assets/Fantasy Skybox FREE/Cubemaps/Classic/FS000_Day_02.png using Guid(88c467166db994146961f1ecc5fc214e) Importer(815301076,1909f56bfc062723c751e8b465ee728b)  -> (artifact id: '08c07d2415e83845252287abb58b1cbb') in 0.035287 seconds 
========================================================================
Received Import Request.
  Time since last request: 253.740362 seconds.
  path: Assets/Supercyan Free Forest Sample/Prefabs/High Quality/Foliage/Grass/forestpack_foliage_grassPatch_small_2.prefab
  artifactKey: Guid(b3425777f1700b249a15eea0ea8f0bbc) Importer(815301076,1909f56bfc062723c751e8b465ee728b)
Start importing Assets/Supercyan Free Forest Sample/Prefabs/High Quality/Foliage/Grass/forestpack_foliage_grassPatch_small_2.prefab using Guid(b3425777f1700b249a15eea0ea8f0bbc) Importer(815301076,1909f56bfc062723c751e8b465ee728b)  -> (artifact id: '169d2d0b808ab6086d9d58a2d7ea1b36') in 0.046335 seconds 
========================================================================
Received Import Request.
  Time since last request: 92.426806 seconds.
  path: Assets/Supercyan Free Forest Sample/Prefabs/High Quality/Foliage/Mushroom/forestpack_foliage_mushroom_red_small.prefab
  artifactKey: Guid(da33a1bfeaaabaa4597896ca7003b785) Importer(815301076,1909f56bfc062723c751e8b465ee728b)
Start importing Assets/Supercyan Free Forest Sample/Prefabs/High Quality/Foliage/Mushroom/forestpack_foliage_mushroom_red_small.prefab using Guid(da33a1bfeaaabaa4597896ca7003b785) Importer(815301076,1909f56bfc062723c751e8b465ee728b)  -> (artifact id: 'b3b4b15966372cc5bc44dc3562fcc299') in 0.039427 seconds 
========================================================================
Received Import Request.
  Time since last request: 117.835031 seconds.
  path: Assets/Supercyan Free Forest Sample/Materials/High Quality/Tree/forestpack_tree_leaf.mat
  artifactKey: Guid(f31ee666b2527344e91520ba278c9869) Importer(815301076,1909f56bfc062723c751e8b465ee728b)
Start importing Assets/Supercyan Free Forest Sample/Materials/High Quality/Tree/forestpack_tree_leaf.mat using Guid(f31ee666b2527344e91520ba278c9869) Importer(815301076,1909f56bfc062723c751e8b465ee728b)  -> (artifact id: '9b45d342ae97906814d76667e92c6546') in 0.037178 seconds 
========================================================================
Received Import Request.
  Time since last request: 0.000029 seconds.
  path: Assets/Supercyan Free Forest Sample/Materials/High Quality/Tree/forestpack_treeStumpAndRoot.mat
  artifactKey: Guid(a6f54caceb604a14084e7ff2ee0af531) Importer(815301076,1909f56bfc062723c751e8b465ee728b)
Start importing Assets/Supercyan Free Forest Sample/Materials/High Quality/Tree/forestpack_treeStumpAndRoot.mat using Guid(a6f54caceb604a14084e7ff2ee0af531) Importer(815301076,1909f56bfc062723c751e8b465ee728b)  -> (artifact id: 'b589a164c2e4677b34821981a47ca588') in 0.049761 seconds 
========================================================================
Received Import Request.
  Time since last request: 802.076780 seconds.
  path: Assets/Acorn Bringer Assets/Simplistic Low Poly Nature/Prefabs/SCharacter_Bird2.prefab
  artifactKey: Guid(6d8c53370341c254eb80f72f77a48dab) Importer(815301076,1909f56bfc062723c751e8b465ee728b)
Start importing Assets/Acorn Bringer Assets/Simplistic Low Poly Nature/Prefabs/SCharacter_Bird2.prefab using Guid(6d8c53370341c254eb80f72f77a48dab) Importer(815301076,1909f56bfc062723c751e8b465ee728b)  -> (artifact id: '319d8da822b658263c35105b58560980') in 0.023210 seconds 
========================================================================
Received Import Request.
  Time since last request: 0.000041 seconds.
  path: Assets/Acorn Bringer Assets/Simplistic Low Poly Nature/Prefabs/SCharacter_Turtle.prefab
  artifactKey: Guid(d2d67fda15fa26342932fffde03aeb05) Importer(815301076,1909f56bfc062723c751e8b465ee728b)
Start importing Assets/Acorn Bringer Assets/Simplistic Low Poly Nature/Prefabs/SCharacter_Turtle.prefab using Guid(d2d67fda15fa26342932fffde03aeb05) Importer(815301076,1909f56bfc062723c751e8b465ee728b)  -> (artifact id: '2ddec82262687eeacac9621e216b9f6b') in 0.051927 seconds 
========================================================================
Received Import Request.
  Time since last request: 0.000186 seconds.
  path: Assets/Acorn Bringer Assets/Simplistic Low Poly Nature/Prefabs/SNature_MushroomShelf.prefab
  artifactKey: Guid(08149d62d2ddb9e4293bf2bad1d446fc) Importer(815301076,1909f56bfc062723c751e8b465ee728b)
Start importing Assets/Acorn Bringer Assets/Simplistic Low Poly Nature/Prefabs/SNature_MushroomShelf.prefab using Guid(08149d62d2ddb9e4293bf2bad1d446fc) Importer(815301076,1909f56bfc062723c751e8b465ee728b)  -> (artifact id: '18324d301def6843bab978dd8adea778') in 0.042368 seconds 
========================================================================
Received Import Request.
  Time since last request: 0.000098 seconds.
  path: Assets/Acorn Bringer Assets/Simplistic Low Poly Nature/Prefabs/SNature_Rock2.prefab
  artifactKey: Guid(571fddfa4a0c30543815e196fbf20d4b) Importer(815301076,1909f56bfc062723c751e8b465ee728b)
Start importing Assets/Acorn Bringer Assets/Simplistic Low Poly Nature/Prefabs/SNature_Rock2.prefab using Guid(571fddfa4a0c30543815e196fbf20d4b) Importer(815301076,1909f56bfc062723c751e8b465ee728b)  -> (artifact id: 'faff8e19f34424d9e72743c3a3167e15') in 0.061600 seconds 
========================================================================
Received Import Request.
  Time since last request: 0.000092 seconds.
  path: Assets/Acorn Bringer Assets/Simplistic Low Poly Nature/Prefabs/SNature_CupedLiliPad.prefab
  artifactKey: Guid(6509fae381cd4c948b676c8e4f384984) Importer(815301076,1909f56bfc062723c751e8b465ee728b)
Start importing Assets/Acorn Bringer Assets/Simplistic Low Poly Nature/Prefabs/SNature_CupedLiliPad.prefab using Guid(6509fae381cd4c948b676c8e4f384984) Importer(815301076,1909f56bfc062723c751e8b465ee728b)  -> (artifact id: 'edd18da659fd269b913d13a4e49cf3e2') in 0.037309 seconds 
========================================================================
Received Import Request.
  Time since last request: 0.000074 seconds.
  path: Assets/Acorn Bringer Assets/Simplistic Low Poly Nature/Prefabs/SNature_MossRocks1.prefab
  artifactKey: Guid(55ffe20335c698d4fbf469301e953712) Importer(815301076,1909f56bfc062723c751e8b465ee728b)
Start importing Assets/Acorn Bringer Assets/Simplistic Low Poly Nature/Prefabs/SNature_MossRocks1.prefab using Guid(55ffe20335c698d4fbf469301e953712) Importer(815301076,1909f56bfc062723c751e8b465ee728b)  -> (artifact id: '597f84d3fec6bfbf67290849e03bca56') in 0.059339 seconds 
========================================================================
Received Import Request.
  Time since last request: 0.000143 seconds.
  path: Assets/Acorn Bringer Assets/Simplistic Low Poly Nature/Prefabs/SNature_Stick.prefab
  artifactKey: Guid(be267edc7fa1b284ca7ab194ee3d831e) Importer(815301076,1909f56bfc062723c751e8b465ee728b)
Start importing Assets/Acorn Bringer Assets/Simplistic Low Poly Nature/Prefabs/SNature_Stick.prefab using Guid(be267edc7fa1b284ca7ab194ee3d831e) Importer(815301076,1909f56bfc062723c751e8b465ee728b)  -> (artifact id: '2da6932df2635914f08bfd3f59fb4b50') in 0.057624 seconds 
========================================================================
Received Import Request.
  Time since last request: 0.000113 seconds.
  path: Assets/Acorn Bringer Assets/Simplistic Low Poly Nature/Prefabs/SNature_Sapling.prefab
  artifactKey: Guid(6b14d45548d47914088fc51496a20a8e) Importer(815301076,1909f56bfc062723c751e8b465ee728b)
Start importing Assets/Acorn Bringer Assets/Simplistic Low Poly Nature/Prefabs/SNature_Sapling.prefab using Guid(6b14d45548d47914088fc51496a20a8e) Importer(815301076,1909f56bfc062723c751e8b465ee728b)  -> (artifact id: '1023fea3ecb06a8f30726da40a39580d') in 0.060636 seconds 
========================================================================
Received Import Request.
  Time since last request: 0.000102 seconds.
  path: Assets/Acorn Bringer Assets/Simplistic Low Poly Nature/Prefabs/SCharacter_Fish.prefab
  artifactKey: Guid(925bc3fd925fd0c4c80d7e83b67ba239) Importer(815301076,1909f56bfc062723c751e8b465ee728b)
Start importing Assets/Acorn Bringer Assets/Simplistic Low Poly Nature/Prefabs/SCharacter_Fish.prefab using Guid(925bc3fd925fd0c4c80d7e83b67ba239) Importer(815301076,1909f56bfc062723c751e8b465ee728b)  -> (artifact id: '9b2cc0a841c4005fac2395c99c09a9ad') in 0.066773 seconds 
========================================================================
Received Import Request.
  Time since last request: 0.000052 seconds.
  path: Assets/Acorn Bringer Assets/Simplistic Low Poly Nature/Prefabs/SNature_Rock1.prefab
  artifactKey: Guid(e86571f2f1251004b98a744302eca0b1) Importer(815301076,1909f56bfc062723c751e8b465ee728b)
Start importing Assets/Acorn Bringer Assets/Simplistic Low Poly Nature/Prefabs/SNature_Rock1.prefab using Guid(e86571f2f1251004b98a744302eca0b1) Importer(815301076,1909f56bfc062723c751e8b465ee728b)  -> (artifact id: '6164a45f92cfcf17cf2b6760dd763ad0') in 0.059465 seconds 
========================================================================
Received Import Request.
  Time since last request: 0.000055 seconds.
  path: Assets/Acorn Bringer Assets/Simplistic Low Poly Nature/Prefabs/SNature_Grass.prefab
  artifactKey: Guid(065211b13cf2c0b45a7ad739ba6e8cc2) Importer(815301076,1909f56bfc062723c751e8b465ee728b)
Start importing Assets/Acorn Bringer Assets/Simplistic Low Poly Nature/Prefabs/SNature_Grass.prefab using Guid(065211b13cf2c0b45a7ad739ba6e8cc2) Importer(815301076,1909f56bfc062723c751e8b465ee728b)  -> (artifact id: '45f351fce6ac75bc3b44dd98cd6d70c7') in 0.059035 seconds 
========================================================================
Received Import Request.
  Time since last request: 42.080205 seconds.
  path: Assets/Acorn Bringer Assets/Simplistic Low Poly Nature/Meshes/SCharacter_Squirrel.fbx
  artifactKey: Guid(265ee6fac4cc17345b23403e90e2ba45) Importer(815301076,1909f56bfc062723c751e8b465ee728b)
Start importing Assets/Acorn Bringer Assets/Simplistic Low Poly Nature/Meshes/SCharacter_Squirrel.fbx using Guid(265ee6fac4cc17345b23403e90e2ba45) Importer(815301076,1909f56bfc062723c751e8b465ee728b)  -> (artifact id: '80870e71b61e159a3314129469423fa0') in 0.124688 seconds 
========================================================================
Received Import Request.
  Time since last request: 0.000056 seconds.
  path: Assets/Acorn Bringer Assets/Simplistic Low Poly Nature/Meshes/SNature_Rock1.fbx
  artifactKey: Guid(6bed97e2c18df9e4baac2a95b3d34c83) Importer(815301076,1909f56bfc062723c751e8b465ee728b)
Start importing Assets/Acorn Bringer Assets/Simplistic Low Poly Nature/Meshes/SNature_Rock1.fbx using Guid(6bed97e2c18df9e4baac2a95b3d34c83) Importer(815301076,1909f56bfc062723c751e8b465ee728b)  -> (artifact id: '3c051835c2a0333fe30ccdc93362625b') in 0.051909 seconds 
========================================================================
Received Import Request.
  Time since last request: 0.000115 seconds.
  path: Assets/Acorn Bringer Assets/Simplistic Low Poly Nature/Meshes/SNature_Leaf.fbx
  artifactKey: Guid(0a2b60bf1f57eba4d8ad3bd4ce5d40d2) Importer(815301076,1909f56bfc062723c751e8b465ee728b)
Start importing Assets/Acorn Bringer Assets/Simplistic Low Poly Nature/Meshes/SNature_Leaf.fbx using Guid(0a2b60bf1f57eba4d8ad3bd4ce5d40d2) Importer(815301076,1909f56bfc062723c751e8b465ee728b)  -> (artifact id: '13f8d2f575438350a6305efad5b1a5af') in 0.059151 seconds 
========================================================================
Received Import Request.
  Time since last request: 0.000065 seconds.
  path: Assets/Acorn Bringer Assets/Simplistic Low Poly Nature/Meshes/SNature_Grass.fbx
  artifactKey: Guid(874441ba3a3a1044f965525a5140ad60) Importer(815301076,1909f56bfc062723c751e8b465ee728b)
Start importing Assets/Acorn Bringer Assets/Simplistic Low Poly Nature/Meshes/SNature_Grass.fbx using Guid(874441ba3a3a1044f965525a5140ad60) Importer(815301076,1909f56bfc062723c751e8b465ee728b)  -> (artifact id: 'b961506d5c4e80063f5c013a4f29efef') in 0.106404 seconds 
========================================================================
Received Import Request.
  Time since last request: 0.000054 seconds.
  path: Assets/Acorn Bringer Assets/Simplistic Low Poly Nature/Meshes/SNature_Stick.fbx
  artifactKey: Guid(a19a9aa8b8240fe479daf001fa5a33d7) Importer(815301076,1909f56bfc062723c751e8b465ee728b)
Start importing Assets/Acorn Bringer Assets/Simplistic Low Poly Nature/Meshes/SNature_Stick.fbx using Guid(a19a9aa8b8240fe479daf001fa5a33d7) Importer(815301076,1909f56bfc062723c751e8b465ee728b)  -> (artifact id: '3c1caf938fde0bf26f29d62fe494f0f8') in 0.075112 seconds 
========================================================================
Received Import Request.
  Time since last request: 0.000158 seconds.
  path: Assets/Acorn Bringer Assets/Simplistic Low Poly Nature/Meshes/SNature_Feather.fbx
  artifactKey: Guid(d152fbd46e97942458c57951d5730dec) Importer(815301076,1909f56bfc062723c751e8b465ee728b)
Start importing Assets/Acorn Bringer Assets/Simplistic Low Poly Nature/Meshes/SNature_Feather.fbx using Guid(d152fbd46e97942458c57951d5730dec) Importer(815301076,1909f56bfc062723c751e8b465ee728b)  -> (artifact id: '6a2b3807aa8ebfbea246ea28f8173a8c') in 0.054272 seconds 
========================================================================
Received Import Request.
  Time since last request: 0.000051 seconds.
  path: Assets/Acorn Bringer Assets/Simplistic Low Poly Nature/Meshes/SNature_StickBlack.fbx
  artifactKey: Guid(968afc27d0ba5874e817715920fec877) Importer(815301076,1909f56bfc062723c751e8b465ee728b)
Start importing Assets/Acorn Bringer Assets/Simplistic Low Poly Nature/Meshes/SNature_StickBlack.fbx using Guid(968afc27d0ba5874e817715920fec877) Importer(815301076,1909f56bfc062723c751e8b465ee728b)  -> (artifact id: 'ab14b52fa9623eb18e7ddbaeec5d9813') in 0.090845 seconds 
========================================================================
Received Import Request.
  Time since last request: 60.090604 seconds.
  path: Assets/RPGPP_LT/Prefabs/Structures/Buildings/Bld_closed/rpgpp_lt_building_04.prefab
  artifactKey: Guid(71442e8cd72511e4fabb72f1a2cc82dd) Importer(815301076,1909f56bfc062723c751e8b465ee728b)
Start importing Assets/RPGPP_LT/Prefabs/Structures/Buildings/Bld_closed/rpgpp_lt_building_04.prefab using Guid(71442e8cd72511e4fabb72f1a2cc82dd) Importer(815301076,1909f56bfc062723c751e8b465ee728b)  -> (artifact id: '29248743e85971e8c839a1e93e3a4e10') in 0.030377 seconds 
Editor requested this worker to shutdown with reason: Scaling down because of idle timeout
AssetImportWorker is now disconnected from the server
Process exiting
Exiting without the bug reporter. Application will terminate with return code 0