Using pre-set license
Built from '2022.1/staging' branch; Version is '2022.1.16f1 (7321c9670bc2) revision 7545289'; Using compiler version '192829333'; Build Type 'Release'
OS: 'Windows 11  (10.0.22621) 64bit Professional' Language: 'en' Physical Memory: 32438 MB
BatchMode: 1, IsHumanControllingUs: 0, StartBugReporterOnCrash: 0, Is64bit: 1, IsPro: 1

COMMAND LINE ARGUMENTS:
C:\Program Files\Unity 2022.1.16f1\Editor\Unity.exe
-adb2
-batchMode
-noUpm
-name
AssetImportWorker15
-projectPath
C:/Users/miss_/OneDrive/Documents/TPJeu/5J5
-logFile
Logs/AssetImportWorker15.log
-srvPort
64900
Successfully changed project path to: C:/Users/miss_/OneDrive/Documents/TPJeu/5J5
C:/Users/miss_/OneDrive/Documents/TPJeu/5J5
[UnityMemory] Configuration Parameters - Can be set up in boot.config
    "memorysetup-bucket-allocator-granularity=16"
    "memorysetup-bucket-allocator-bucket-count=8"
    "memorysetup-bucket-allocator-block-size=33554432"
    "memorysetup-bucket-allocator-block-count=8"
    "memorysetup-main-allocator-block-size=16777216"
    "memorysetup-thread-allocator-block-size=16777216"
    "memorysetup-gfx-main-allocator-block-size=16777216"
    "memorysetup-gfx-thread-allocator-block-size=16777216"
    "memorysetup-cache-allocator-block-size=4194304"
    "memorysetup-typetree-allocator-block-size=2097152"
    "memorysetup-profiler-bucket-allocator-granularity=16"
    "memorysetup-profiler-bucket-allocator-bucket-count=8"
    "memorysetup-profiler-bucket-allocator-block-size=33554432"
    "memorysetup-profiler-bucket-allocator-block-count=8"
    "memorysetup-profiler-allocator-block-size=16777216"
    "memorysetup-profiler-editor-allocator-block-size=1048576"
    "memorysetup-temp-allocator-size-main=16777216"
    "memorysetup-job-temp-allocator-block-size=2097152"
    "memorysetup-job-temp-allocator-block-size-background=1048576"
    "memorysetup-job-temp-allocator-reduction-small-platforms=262144"
    "memorysetup-temp-allocator-size-background-worker=32768"
    "memorysetup-temp-allocator-size-job-worker=262144"
    "memorysetup-temp-allocator-size-preload-manager=33554432"
    "memorysetup-temp-allocator-size-nav-mesh-worker=65536"
    "memorysetup-temp-allocator-size-audio-worker=65536"
    "memorysetup-temp-allocator-size-cloud-worker=32768"
    "memorysetup-temp-allocator-size-gi-baking-worker=262144"
    "memorysetup-temp-allocator-size-gfx=262144"
Refreshing native plugins compatible for Editor in 140.81 ms, found 3 plugins.
Preloading 0 native plugins for Editor in 0.00 ms.
Initialize engine version: 2022.1.16f1 (7321c9670bc2)
[Subsystems] Discovering subsystems at path C:/Program Files/Unity 2022.1.16f1/Editor/Data/Resources/UnitySubsystems
[Subsystems] Discovering subsystems at path C:/Users/miss_/OneDrive/Documents/TPJeu/5J5/Assets
GfxDevice: creating device client; threaded=0; jobified=0
Direct3D:
    Version:  Direct3D 11.0 [level 11.1]
    Renderer: NVIDIA GeForce RTX 3070 Ti Laptop GPU (ID=0x24e0)
    Vendor:   NVIDIA
    VRAM:     8032 MB
    Driver:   31.0.15.2698
Initialize mono
Mono path[0] = 'C:/Program Files/Unity 2022.1.16f1/Editor/Data/Managed'
Mono path[1] = 'C:/Program Files/Unity 2022.1.16f1/Editor/Data/MonoBleedingEdge/lib/mono/unityjit-win32'
Mono config path = 'C:/Program Files/Unity 2022.1.16f1/Editor/Data/MonoBleedingEdge/etc'
Using monoOptions --debugger-agent=transport=dt_socket,embedding=1,server=y,suspend=n,address=127.0.0.1:56928
Begin MonoManager ReloadAssembly
Registering precompiled unity dll's ...
Register platform support module: C:/Program Files/Unity 2022.1.16f1/Editor/Data/PlaybackEngines/WindowsStandaloneSupport/UnityEditor.WindowsStandalone.Extensions.dll
Registered in 0.001782 seconds.
Native extension for WindowsStandalone target not found
Refreshing native plugins compatible for Editor in 91.82 ms, found 3 plugins.
Preloading 0 native plugins for Editor in 0.00 ms.
Mono: successfully reloaded assembly
- Completed reload, in  0.503 seconds
Domain Reload Profiling:
	ReloadAssembly (503ms)
		BeginReloadAssembly (65ms)
			ExecutionOrderSort (0ms)
			DisableScriptedObjects (0ms)
			BackupInstance (0ms)
			ReleaseScriptingObjects (0ms)
			CreateAndSetChildDomain (1ms)
		EndReloadAssembly (367ms)
			LoadAssemblies (62ms)
			RebuildTransferFunctionScriptingTraits (0ms)
			SetupTypeCache (78ms)
				TypeCache.Initialize (78ms)
					TypeCache.ScanAssembly (77ms)
				ResolveRequiredComponents (0ms)
			ReleaseScriptCaches (0ms)
			RebuildScriptCaches (20ms)
			SetupLoadedEditorAssemblies (231ms)
				LogAssemblyErrors (0ms)
				InitializePlatformSupportModulesInManaged (5ms)
				SetLoadedEditorAssemblies (6ms)
				RefreshPlugins (92ms)
				BeforeProcessingInitializeOnLoad (1ms)
				ProcessInitializeOnLoadAttributes (95ms)
				ProcessInitializeOnLoadMethodAttributes (31ms)
				AfterProcessingInitializeOnLoad (0ms)
				EditorAssembliesLoaded (0ms)
			ExecutionOrderSort2 (0ms)
			AwakeInstancesAfterBackupRestoration (0ms)
Platform modules already initialized, skipping
Registering precompiled user dll's ...
Registered in 0.005138 seconds.
Begin MonoManager ReloadAssembly
Symbol file LoadedFromMemory doesn't match image C:\Users\miss_\OneDrive\Documents\TPJeu\5J5\Library\PackageCache\com.unity.visualscripting@1.7.8\Editor\VisualScripting.Core\Dependencies\YamlDotNet\Unity.VisualScripting.YamlDotNet.dll
Symbol file LoadedFromMemory doesn't match image C:\Users\miss_\OneDrive\Documents\TPJeu\5J5\Library\PackageCache\com.unity.visualscripting@1.7.8\Editor\VisualScripting.Core\Dependencies\DotNetZip\Unity.VisualScripting.IonicZip.dll
Native extension for WindowsStandalone target not found
Refreshing native plugins compatible for Editor in 91.61 ms, found 3 plugins.
Preloading 0 native plugins for Editor in 0.00 ms.
Mono: successfully reloaded assembly
- Completed reload, in  1.033 seconds
Domain Reload Profiling:
	ReloadAssembly (1033ms)
		BeginReloadAssembly (78ms)
			ExecutionOrderSort (0ms)
			DisableScriptedObjects (3ms)
			BackupInstance (0ms)
			ReleaseScriptingObjects (0ms)
			CreateAndSetChildDomain (16ms)
		EndReloadAssembly (872ms)
			LoadAssemblies (69ms)
			RebuildTransferFunctionScriptingTraits (0ms)
			SetupTypeCache (233ms)
				TypeCache.Initialize (224ms)
					TypeCache.ScanAssembly (220ms)
				ResolveRequiredComponents (9ms)
			ReleaseScriptCaches (1ms)
			RebuildScriptCaches (50ms)
			SetupLoadedEditorAssemblies (480ms)
				LogAssemblyErrors (0ms)
				InitializePlatformSupportModulesInManaged (3ms)
				SetLoadedEditorAssemblies (5ms)
				RefreshPlugins (92ms)
				BeforeProcessingInitializeOnLoad (87ms)
				ProcessInitializeOnLoadAttributes (228ms)
				ProcessInitializeOnLoadMethodAttributes (62ms)
				AfterProcessingInitializeOnLoad (3ms)
				EditorAssembliesLoaded (0ms)
			ExecutionOrderSort2 (0ms)
			AwakeInstancesAfterBackupRestoration (4ms)
Platform modules already initialized, skipping
========================================================================
Worker process is ready to serve import requests
Launched and connected shader compiler UnityShaderCompiler.exe after 0.06 seconds
Refreshing native plugins compatible for Editor in 1.43 ms, found 3 plugins.
Preloading 0 native plugins for Editor in 0.00 ms.
Unloading 6054 Unused Serialized files (Serialized files now loaded: 0)
Unloading 38 unused Assets / (354.0 KB). Loaded Objects now: 6510.
Memory consumption went from 0.94 GB to 0.94 GB.
Total: 5.070000 ms (FindLiveObjects: 0.635100 ms CreateObjectMapping: 0.327800 ms MarkObjects: 3.852800 ms  DeleteObjects: 0.252500 ms)

AssetImportParameters requested are different than current active one (requested -> active):
  custom:video-decoder-ogg-theora: a1e56fd34408186e4bbccfd4996cb3dc -> 
  custom:container-muxer-webm: aa71ff27fc2769a1b78a27578f13a17b -> 
  custom:container-demuxer-webm: 4f35f7cbe854078d1ac9338744f61a02 -> 
  custom:video-encoder-webm-vp8: eb34c28f22e8b96e1ab97ce403110664 -> 
  custom:video-codec-MediaFoundation-h265: 746d11721c4dcdbdad8f713fa42b33f4 -> 
  custom:audio-encoder-webm-vorbis: bf7c407c2cedff20999df2af8eb42d56 -> 
  custom:framework-win-MediaFoundation: 216162199b28c13a410421893ffa2e32 -> 
  custom:container-demuxer-ogg: 62fdf1f143b41e24485cea50d1cbac27 -> 
  custom:video-decoder-webm-vp8: 9c59270c3fd7afecdb556c50c9e8de78 -> 
  custom:audio-decoder-ogg-vorbis: bf7c407c2cedff20999df2af8eb42d56 -> 
========================================================================
Received Prepare
Registering precompiled user dll's ...
Registered in 0.015312 seconds.
Begin MonoManager ReloadAssembly
Symbol file LoadedFromMemory doesn't match image C:\Users\miss_\OneDrive\Documents\TPJeu\5J5\Library\PackageCache\com.unity.visualscripting@1.7.8\Editor\VisualScripting.Core\Dependencies\YamlDotNet\Unity.VisualScripting.YamlDotNet.dll
Symbol file LoadedFromMemory doesn't match image C:\Users\miss_\OneDrive\Documents\TPJeu\5J5\Library\PackageCache\com.unity.visualscripting@1.7.8\Editor\VisualScripting.Core\Dependencies\DotNetZip\Unity.VisualScripting.IonicZip.dll
Native extension for WindowsStandalone target not found
Refreshing native plugins compatible for Editor in 0.99 ms, found 3 plugins.
Preloading 0 native plugins for Editor in 0.00 ms.
Initializing Mesh Terrain Editor v4.0.0b1 on Unity 2022.1.16f1...
UnityEngine.StackTraceUtility:ExtractStackTrace ()
UnityEngine.DebugLogHandler:LogFormat (UnityEngine.LogType,UnityEngine.Object,string,object[])
UnityEngine.Logger:Log (UnityEngine.LogType,object)
UnityEngine.Debug:Log (object)
_4Lx0bEMlh0Z40TCezoxVJOBfdgU_:⁬⁯‫⁮​‍⁯‏‭‪​‭‌⁯‫‏‫⁫‪‬‎⁪‍⁭‪‮‎‭‭‫‭​⁬⁭‬⁭‏‬‏‎‮ (object)
_4Lx0bEMlh0Z40TCezoxVJOBfdgU_:_BK57FowBFxgwhLd64I4lOTbiX2B_ (bool)
_4Lx0bEMlh0Z40TCezoxVJOBfdgU_:_yZ0KkA7QWoBI4owQXGQsH7mtOid_ ()
_4Lx0bEMlh0Z40TCezoxVJOBfdgU_:.cctor ()
System.Runtime.CompilerServices.RuntimeHelpers:RunClassConstructor (System.RuntimeTypeHandle)
UnityEditor.EditorAssemblies:ProcessInitializeOnLoadAttributes (System.Type[])

[MTE]Cannot find Amplify Shader Editor, features based on ASE might be disabled.
Please upgrade ASE to latest version and restart Unity.
UnityEngine.StackTraceUtility:ExtractStackTrace ()
UnityEngine.DebugLogHandler:LogFormat (UnityEngine.LogType,UnityEngine.Object,string,object[])
UnityEngine.Logger:Log (UnityEngine.LogType,object)
UnityEngine.Debug:LogWarning (object)
MTE.MTEDebug:⁪‌⁭‍‬⁫⁯⁪‌‮⁫⁯‬‎‏‭‌‍⁯⁮⁯‎​⁮⁭⁮⁪⁮⁭‍‏⁯‪⁪‎⁭‏‍​‎‮ (object)
MTE.MTEDebug:LogWarning (string)
_4Lx0bEMlh0Z40TCezoxVJOBfdgU_:_BK57FowBFxgwhLd64I4lOTbiX2B_ (bool)
_4Lx0bEMlh0Z40TCezoxVJOBfdgU_:_yZ0KkA7QWoBI4owQXGQsH7mtOid_ ()
_4Lx0bEMlh0Z40TCezoxVJOBfdgU_:.cctor ()
System.Runtime.CompilerServices.RuntimeHelpers:RunClassConstructor (System.RuntimeTypeHandle)
UnityEditor.EditorAssemblies:ProcessInitializeOnLoadAttributes (System.Type[])

Initializing Mesh Terrain Editor...Done
UnityEngine.StackTraceUtility:ExtractStackTrace ()
UnityEngine.DebugLogHandler:LogFormat (UnityEngine.LogType,UnityEngine.Object,string,object[])
UnityEngine.Logger:Log (UnityEngine.LogType,object)
UnityEngine.Debug:Log (object)
_4Lx0bEMlh0Z40TCezoxVJOBfdgU_:⁬⁯‫⁮​‍⁯‏‭‪​‭‌⁯‫‏‫⁫‪‬‎⁪‍⁭‪‮‎‭‭‫‭​⁬⁭‬⁭‏‬‏‎‮ (object)
_4Lx0bEMlh0Z40TCezoxVJOBfdgU_:_BK57FowBFxgwhLd64I4lOTbiX2B_ (bool)
_4Lx0bEMlh0Z40TCezoxVJOBfdgU_:_yZ0KkA7QWoBI4owQXGQsH7mtOid_ ()
_4Lx0bEMlh0Z40TCezoxVJOBfdgU_:.cctor ()
System.Runtime.CompilerServices.RuntimeHelpers:RunClassConstructor (System.RuntimeTypeHandle)
UnityEditor.EditorAssemblies:ProcessInitializeOnLoadAttributes (System.Type[])

Mono: successfully reloaded assembly
- Completed reload, in  1.382 seconds
Domain Reload Profiling:
	ReloadAssembly (1383ms)
		BeginReloadAssembly (229ms)
			ExecutionOrderSort (0ms)
			DisableScriptedObjects (9ms)
			BackupInstance (0ms)
			ReleaseScriptingObjects (0ms)
			CreateAndSetChildDomain (59ms)
		EndReloadAssembly (1059ms)
			LoadAssemblies (88ms)
			RebuildTransferFunctionScriptingTraits (0ms)
			SetupTypeCache (314ms)
				TypeCache.Initialize (302ms)
					TypeCache.ScanAssembly (296ms)
				ResolveRequiredComponents (11ms)
			ReleaseScriptCaches (2ms)
			RebuildScriptCaches (38ms)
			SetupLoadedEditorAssemblies (585ms)
				LogAssemblyErrors (0ms)
				InitializePlatformSupportModulesInManaged (8ms)
				SetLoadedEditorAssemblies (6ms)
				RefreshPlugins (1ms)
				BeforeProcessingInitializeOnLoad (63ms)
				ProcessInitializeOnLoadAttributes (436ms)
				ProcessInitializeOnLoadMethodAttributes (67ms)
				AfterProcessingInitializeOnLoad (3ms)
				EditorAssembliesLoaded (0ms)
			ExecutionOrderSort2 (0ms)
			AwakeInstancesAfterBackupRestoration (6ms)
Platform modules already initialized, skipping
Shader 'MTE/Standard/3 Textures/Bumped': fallback shader 'MTE/Standard/3 Textures/Diffuse' not found
Shader 'MTE/Surface/4 Textures/Bumped_for_target_2.0': fallback shader 'MTE/Surface/4 Textures/Diffuse' not found
Shader 'MTE/Surface/3 Textures/Specular': fallback shader 'MTE/Surface/3 Textures/Bumped' not found
Shader 'MTE/Surface/5 Textures/Specular/NoFog': fallback shader 'MTE/Surface/5 Textures/Bumped/NoFog' not found
Shader 'MTE/Standard/8 Textures/Bumped': fallback shader 'MTE/Standard/8 Textures/Diffuse' not found
Shader 'MTE/Standard/4 Textures/VertexColored': fallback shader 'MTE/Standard/4 Textures/Diffuse' not found
Shader 'MTE/Standard/5 Textures/Bumped/Fog': fallback shader 'MTE/Standard/5 Textures/Diffuse/Fog' not found
Shader 'MTE/Surface/8 Textures/Specular': fallback shader 'MTE/Surface/8 Textures/Bumped' not found
Shader 'MTE/Surface/7 Textures/Bumped': fallback shader 'MTE/Surface/7 Textures/Diffuse' not found
Shader 'MTE/Surface/5 Textures/Bumped/Fog': fallback shader 'MTE/Surface/5 Textures/Diffuse/Fog' not found
Shader 'MTE/Standard/3 Textures/VertexColored': fallback shader 'MTE/Standard/3 Textures/Diffuse' not found
Shader 'MTE/Surface/5 Textures/Diffuse VertexColored/Fog': fallback shader 'MTE/Surface/5 Textures/Diffuse/Fog' not found
Shader 'MTE/Surface/6 Textures/Bumped': fallback shader 'MTE/Surface/6 Textures/Diffuse' not found
Shader 'MTE/Standard/6 Textures/Bumped': fallback shader 'MTE/Standard/6 Textures/Diffuse' not found
Shader 'MTE/Surface/5 Textures/Bumped_for_target_2.0': fallback shader 'MTE/Surface/5 Textures/Diffuse/Fog' not found
Shader 'MTE/Standard/2 Textures/Bumped': fallback shader 'MTE/Standard/2 Textures/Diffuse' not found
Shader 'MTE/Surface/2 Textures/Specular': fallback shader 'MTE/Surface/2 Textures/Bumped' not found
Shader 'MTE/Standard/5 Textures/VertexColored/NoFog': fallback shader 'MTE/Standard/5 Textures/Diffuse/NoFog' not found
Shader 'MTE/Surface/5 Textures/Diffuse VertexColored/NoFog': fallback shader 'MTE/Surface/5 Textures/Diffuse/NoFog' not found
Shader 'MTE/Surface/5 Textures/Bumped/NoFog': fallback shader 'MTE/Surface/5 Textures/Diffuse/NoFog' not found
Shader 'MTE/Surface/8 Textures/Bumped': fallback shader 'MTE/Surface/8 Textures/Diffuse' not found
Shader 'MTE/Specialized/Mali 400/Surface/3 Textures/Bumped': fallback shader 'MTE/Specialized/Mali 400/Legacy/3 Textures/Diffuse' not found
Shader 'MTE/Standard/5 Textures/Bumped/NoFog': fallback shader 'MTE/Standard/5 Textures/Diffuse/NoFog' not found
Shader 'MTE/Specialized/Mali 400/Surface/2 Textures/Bumped': fallback shader 'MTE/Specialized/Mali 400/Legacy/2 Textures/Diffuse' not found
Shader 'MTE/Specialized/Mali 400/Surface/3 Textures/Bumped': fallback shader 'MTE/Specialized/Mali 400/Legacy/3 Textures/Diffuse' not found
Shader 'MTE/Specialized/Mali 400/Surface/2 Textures/Bumped': fallback shader 'MTE/Specialized/Mali 400/Legacy/2 Textures/Diffuse' not found
Refreshing native plugins compatible for Editor in 1.99 ms, found 3 plugins.
Preloading 0 native plugins for Editor in 0.00 ms.
Unloading 6049 Unused Serialized files (Serialized files now loaded: 0)
Unloading 133 unused Assets / (129.1 MB). Loaded Objects now: 6621.
Memory consumption went from 1.09 GB to 0.96 GB.
Total: 20.475300 ms (FindLiveObjects: 0.346100 ms CreateObjectMapping: 0.217600 ms MarkObjects: 2.657500 ms  DeleteObjects: 17.252700 ms)

AssetImportParameters requested are different than current active one (requested -> active):
  custom:video-decoder-ogg-theora: a1e56fd34408186e4bbccfd4996cb3dc -> 
  custom:container-muxer-webm: aa71ff27fc2769a1b78a27578f13a17b -> 
  custom:container-demuxer-webm: 4f35f7cbe854078d1ac9338744f61a02 -> 
  custom:video-encoder-webm-vp8: eb34c28f22e8b96e1ab97ce403110664 -> 
  custom:video-codec-MediaFoundation-h265: 746d11721c4dcdbdad8f713fa42b33f4 -> 
  custom:audio-encoder-webm-vorbis: bf7c407c2cedff20999df2af8eb42d56 -> 
  custom:framework-win-MediaFoundation: 216162199b28c13a410421893ffa2e32 -> 
  custom:container-demuxer-ogg: 62fdf1f143b41e24485cea50d1cbac27 -> 
  custom:video-decoder-webm-vp8: 9c59270c3fd7afecdb556c50c9e8de78 -> 
  custom:audio-decoder-ogg-vorbis: bf7c407c2cedff20999df2af8eb42d56 -> 
========================================================================
Received Import Request.
  Time since last request: 6552.727950 seconds.
  path: Assets/MeshTerrainEditor/Plugins/Resources/Grass/Prototype_GrassQuad.obj
  artifactKey: Guid(a691cc7ece3d97040879e0809c58b7da) Importer(815301076,1909f56bfc062723c751e8b465ee728b)
Start importing Assets/MeshTerrainEditor/Plugins/Resources/Grass/Prototype_GrassQuad.obj using Guid(a691cc7ece3d97040879e0809c58b7da) Importer(815301076,1909f56bfc062723c751e8b465ee728b)  -> (artifact id: 'a4e410829827d5b5447ce1c7121599d7') in 0.286967 seconds 
========================================================================
Received Import Request.
  Time since last request: 121.848615 seconds.
  path: Assets
  artifactKey: Guid(00000000000000001000000000000000) Importer(815301076,1909f56bfc062723c751e8b465ee728b)
Start importing Assets using Guid(00000000000000001000000000000000) Importer(815301076,1909f56bfc062723c751e8b465ee728b)  -> (artifact id: '643dbe22ecb75e7bba7c4df53f6b1cbf') in 0.011645 seconds 
========================================================================
Received Import Request.
  Time since last request: 8.321471 seconds.
  path: Assets/Terrain
  artifactKey: Guid(d92bd059226f0dc40b90c5e87bc5ffcf) Importer(815301076,1909f56bfc062723c751e8b465ee728b)
Start importing Assets/Terrain using Guid(d92bd059226f0dc40b90c5e87bc5ffcf) Importer(815301076,1909f56bfc062723c751e8b465ee728b)  -> (artifact id: '4298d4cf1507c7595e9675e783963fdf') in 0.005280 seconds 
========================================================================
Received Import Request.
  Time since last request: 68.798554 seconds.
  path: Assets/Handpainted_Grass_and_Ground_Textures/Demo/terrain_layers/NewLayer.terrainlayer
  artifactKey: Guid(17bcf6924abf392499e86cc0f661ec92) Importer(815301076,1909f56bfc062723c751e8b465ee728b)
Start importing Assets/Handpainted_Grass_and_Ground_Textures/Demo/terrain_layers/NewLayer.terrainlayer using Guid(17bcf6924abf392499e86cc0f661ec92) Importer(815301076,1909f56bfc062723c751e8b465ee728b)  -> (artifact id: '438b449d13ee2fc8ce8108ad9b2afa6c') in 0.020971 seconds 
========================================================================
Received Import Request.
  Time since last request: 36.481976 seconds.
  path: Assets/Handpainted_Grass_and_Ground_Textures/Demo/terrain_layers/Grass_lighted_up.terrainlayer
  artifactKey: Guid(466d1d3acac3ca2408920fe63d4cb054) Importer(815301076,1909f56bfc062723c751e8b465ee728b)
Start importing Assets/Handpainted_Grass_and_Ground_Textures/Demo/terrain_layers/Grass_lighted_up.terrainlayer using Guid(466d1d3acac3ca2408920fe63d4cb054) Importer(815301076,1909f56bfc062723c751e8b465ee728b)  -> (artifact id: 'cc47edbaf060e9397aa28d942774c1db') in 0.021492 seconds 
========================================================================
Received Import Request.
  Time since last request: 56.491595 seconds.
  path: Assets/Handpainted_Grass_and_Ground_Textures/Demo/terrain_layers/NewLayer 27.terrainlayer
  artifactKey: Guid(c31b8ad60ed145943a560505104ad482) Importer(815301076,1909f56bfc062723c751e8b465ee728b)
Start importing Assets/Handpainted_Grass_and_Ground_Textures/Demo/terrain_layers/NewLayer 27.terrainlayer using Guid(c31b8ad60ed145943a560505104ad482) Importer(815301076,1909f56bfc062723c751e8b465ee728b)  -> (artifact id: '78d4548f5523fccc9118a898d81164f5') in 0.021745 seconds 
========================================================================
Received Import Request.
  Time since last request: 54.200987 seconds.
  path: Assets/Terrain/New Terrain.asset
  artifactKey: Guid(5fe5892142ee7314ca485eb2406d515f) Importer(815301076,1909f56bfc062723c751e8b465ee728b)
Start importing Assets/Terrain/New Terrain.asset using Guid(5fe5892142ee7314ca485eb2406d515f) Importer(815301076,1909f56bfc062723c751e8b465ee728b)  -> (artifact id: '89252f64cb764cc7ec2b8349fcfefc96') in 0.030467 seconds 
========================================================================
Received Import Request.
  Time since last request: 1.071209 seconds.
  path: Assets/Terrain/Terrain
  artifactKey: Guid(bf170c3eb74ddf744b3d866b809427cd) Importer(815301076,1909f56bfc062723c751e8b465ee728b)
Start importing Assets/Terrain/Terrain using Guid(bf170c3eb74ddf744b3d866b809427cd) Importer(815301076,1909f56bfc062723c751e8b465ee728b)  -> (artifact id: 'cfddbb95936d0054582a357e3bd6ac9b') in 0.001694 seconds 
========================================================================
Received Import Request.
  Time since last request: 0.090729 seconds.
  path: Assets/Terrain/Terrain/SplatAlpha 0.png
  artifactKey: Guid(6351d46ffa5ccf94697a6c4d32049350) Importer(815301076,1909f56bfc062723c751e8b465ee728b)
Start importing Assets/Terrain/Terrain/SplatAlpha 0.png using Guid(6351d46ffa5ccf94697a6c4d32049350) Importer(815301076,1909f56bfc062723c751e8b465ee728b)  -> (artifact id: '38d3f0f4b5effb06e5b4c3231eb14a9f') in 0.023908 seconds 
========================================================================
Received Import Request.
  Time since last request: 0.000030 seconds.
  path: Assets/Terrain/Terrain/Terrain.prefab
  artifactKey: Guid(3bb4fafbafcdbbf4ea6c85b4b99721db) Importer(815301076,1909f56bfc062723c751e8b465ee728b)
Start importing Assets/Terrain/Terrain/Terrain.prefab using Guid(3bb4fafbafcdbbf4ea6c85b4b99721db) Importer(815301076,1909f56bfc062723c751e8b465ee728b)  -> (artifact id: '76eea0dbaae6f9ef1e4e7c591aaa44bc') in 0.006924 seconds 
========================================================================
Received Import Request.
  Time since last request: 0.000031 seconds.
  path: Assets/Terrain/Terrain/Terrain.obj
  artifactKey: Guid(3b46a0c23ca509042aa3cb799e104dc9) Importer(815301076,1909f56bfc062723c751e8b465ee728b)
Start importing Assets/Terrain/Terrain/Terrain.obj using Guid(3b46a0c23ca509042aa3cb799e104dc9) Importer(815301076,1909f56bfc062723c751e8b465ee728b)  -> (artifact id: '810a19a492820f12d56b9649a42c2cb5') in 0.005545 seconds 
========================================================================
Received Import Request.
  Time since last request: 115.638150 seconds.
  path: Assets/Terrain/TerrainMesh
  artifactKey: Guid(c2f6d6bf7f2bd324f9e7cd5850f326c0) Importer(815301076,1909f56bfc062723c751e8b465ee728b)
Start importing Assets/Terrain/TerrainMesh using Guid(c2f6d6bf7f2bd324f9e7cd5850f326c0) Importer(815301076,1909f56bfc062723c751e8b465ee728b)  -> (artifact id: 'b2e96598309059b71d260cf1d521a754') in 0.004510 seconds 
========================================================================
Received Import Request.
  Time since last request: 0.127925 seconds.
  path: Assets/Terrain/TerrainMesh/TerrainMesh.obj
  artifactKey: Guid(c24f82461d6069443ab317f8053c4196) Importer(815301076,1909f56bfc062723c751e8b465ee728b)
Start importing Assets/Terrain/TerrainMesh/TerrainMesh.obj using Guid(c24f82461d6069443ab317f8053c4196) Importer(815301076,1909f56bfc062723c751e8b465ee728b)  -> (artifact id: 'bc18d464675fd4bdda6e44b8cf2bf66a') in 0.007708 seconds 
