Using pre-set license
Built from '2022.1/staging' branch; Version is '2022.1.16f1 (7321c9670bc2) revision 7545289'; Using compiler version '192829333'; Build Type 'Release'
OS: 'Windows 11  (10.0.22621) 64bit Professional' Language: 'en' Physical Memory: 32438 MB
BatchMode: 1, IsHumanControllingUs: 0, StartBugReporterOnCrash: 0, Is64bit: 1, IsPro: 1

COMMAND LINE ARGUMENTS:
C:\Program Files\Unity 2022.1.16f1\Editor\Unity.exe
-adb2
-batchMode
-noUpm
-name
AssetImportWorker10
-projectPath
C:/Users/miss_/OneDrive/Documents/TPJeu/5J5
-logFile
Logs/AssetImportWorker10.log
-srvPort
59269
Successfully changed project path to: C:/Users/miss_/OneDrive/Documents/TPJeu/5J5
C:/Users/miss_/OneDrive/Documents/TPJeu/5J5
[UnityMemory] Configuration Parameters - Can be set up in boot.config
    "memorysetup-bucket-allocator-granularity=16"
    "memorysetup-bucket-allocator-bucket-count=8"
    "memorysetup-bucket-allocator-block-size=33554432"
    "memorysetup-bucket-allocator-block-count=8"
    "memorysetup-main-allocator-block-size=16777216"
    "memorysetup-thread-allocator-block-size=16777216"
    "memorysetup-gfx-main-allocator-block-size=16777216"
    "memorysetup-gfx-thread-allocator-block-size=16777216"
    "memorysetup-cache-allocator-block-size=4194304"
    "memorysetup-typetree-allocator-block-size=2097152"
    "memorysetup-profiler-bucket-allocator-granularity=16"
    "memorysetup-profiler-bucket-allocator-bucket-count=8"
    "memorysetup-profiler-bucket-allocator-block-size=33554432"
    "memorysetup-profiler-bucket-allocator-block-count=8"
    "memorysetup-profiler-allocator-block-size=16777216"
    "memorysetup-profiler-editor-allocator-block-size=1048576"
    "memorysetup-temp-allocator-size-main=16777216"
    "memorysetup-job-temp-allocator-block-size=2097152"
    "memorysetup-job-temp-allocator-block-size-background=1048576"
    "memorysetup-job-temp-allocator-reduction-small-platforms=262144"
    "memorysetup-temp-allocator-size-background-worker=32768"
    "memorysetup-temp-allocator-size-job-worker=262144"
    "memorysetup-temp-allocator-size-preload-manager=33554432"
    "memorysetup-temp-allocator-size-nav-mesh-worker=65536"
    "memorysetup-temp-allocator-size-audio-worker=65536"
    "memorysetup-temp-allocator-size-cloud-worker=32768"
    "memorysetup-temp-allocator-size-gi-baking-worker=262144"
    "memorysetup-temp-allocator-size-gfx=262144"
Refreshing native plugins compatible for Editor in 128.98 ms, found 3 plugins.
Preloading 0 native plugins for Editor in 0.00 ms.
Initialize engine version: 2022.1.16f1 (7321c9670bc2)
[Subsystems] Discovering subsystems at path C:/Program Files/Unity 2022.1.16f1/Editor/Data/Resources/UnitySubsystems
[Subsystems] Discovering subsystems at path C:/Users/miss_/OneDrive/Documents/TPJeu/5J5/Assets
GfxDevice: creating device client; threaded=0; jobified=0
Direct3D:
    Version:  Direct3D 11.0 [level 11.1]
    Renderer: NVIDIA GeForce RTX 3070 Ti Laptop GPU (ID=0x24e0)
    Vendor:   NVIDIA
    VRAM:     8032 MB
    Driver:   31.0.15.2698
Shader 'MTE/Specialized/Mali 400/Surface/3 Textures/Bumped': fallback shader 'MTE/Specialized/Mali 400/Legacy/3 Textures/Diffuse' not found
Shader 'MTE/Specialized/Mali 400/Surface/2 Textures/Bumped': fallback shader 'MTE/Specialized/Mali 400/Legacy/2 Textures/Diffuse' not found
Initialize mono
Mono path[0] = 'C:/Program Files/Unity 2022.1.16f1/Editor/Data/Managed'
Mono path[1] = 'C:/Program Files/Unity 2022.1.16f1/Editor/Data/MonoBleedingEdge/lib/mono/unityjit-win32'
Mono config path = 'C:/Program Files/Unity 2022.1.16f1/Editor/Data/MonoBleedingEdge/etc'
Using monoOptions --debugger-agent=transport=dt_socket,embedding=1,server=y,suspend=n,address=127.0.0.1:56540
Begin MonoManager ReloadAssembly
Registering precompiled unity dll's ...
Register platform support module: C:/Program Files/Unity 2022.1.16f1/Editor/Data/PlaybackEngines/WindowsStandaloneSupport/UnityEditor.WindowsStandalone.Extensions.dll
Registered in 0.002439 seconds.
Native extension for WindowsStandalone target not found
Refreshing native plugins compatible for Editor in 120.33 ms, found 3 plugins.
Preloading 0 native plugins for Editor in 0.00 ms.
Mono: successfully reloaded assembly
- Completed reload, in  0.588 seconds
Domain Reload Profiling:
	ReloadAssembly (589ms)
		BeginReloadAssembly (53ms)
			ExecutionOrderSort (0ms)
			DisableScriptedObjects (0ms)
			BackupInstance (0ms)
			ReleaseScriptingObjects (0ms)
			CreateAndSetChildDomain (1ms)
		EndReloadAssembly (447ms)
			LoadAssemblies (51ms)
			RebuildTransferFunctionScriptingTraits (0ms)
			SetupTypeCache (103ms)
				TypeCache.Initialize (103ms)
					TypeCache.ScanAssembly (102ms)
				ResolveRequiredComponents (0ms)
			ReleaseScriptCaches (0ms)
			RebuildScriptCaches (27ms)
			SetupLoadedEditorAssemblies (263ms)
				LogAssemblyErrors (0ms)
				InitializePlatformSupportModulesInManaged (6ms)
				SetLoadedEditorAssemblies (6ms)
				RefreshPlugins (120ms)
				BeforeProcessingInitializeOnLoad (1ms)
				ProcessInitializeOnLoadAttributes (95ms)
				ProcessInitializeOnLoadMethodAttributes (34ms)
				AfterProcessingInitializeOnLoad (0ms)
				EditorAssembliesLoaded (0ms)
			ExecutionOrderSort2 (0ms)
			AwakeInstancesAfterBackupRestoration (0ms)
Platform modules already initialized, skipping
Registering precompiled user dll's ...
Registered in 0.005252 seconds.
Begin MonoManager ReloadAssembly
Symbol file LoadedFromMemory doesn't match image C:\Users\miss_\OneDrive\Documents\TPJeu\5J5\Library\PackageCache\com.unity.visualscripting@1.7.8\Editor\VisualScripting.Core\Dependencies\YamlDotNet\Unity.VisualScripting.YamlDotNet.dll
Symbol file LoadedFromMemory doesn't match image C:\Users\miss_\OneDrive\Documents\TPJeu\5J5\Library\PackageCache\com.unity.visualscripting@1.7.8\Editor\VisualScripting.Core\Dependencies\DotNetZip\Unity.VisualScripting.IonicZip.dll
Native extension for WindowsStandalone target not found
Refreshing native plugins compatible for Editor in 92.59 ms, found 3 plugins.
Preloading 0 native plugins for Editor in 0.00 ms.
Initializing Mesh Terrain Editor v4.0.0b1 on Unity 2022.1.16f1...
UnityEngine.StackTraceUtility:ExtractStackTrace ()
UnityEngine.DebugLogHandler:LogFormat (UnityEngine.LogType,UnityEngine.Object,string,object[])
UnityEngine.Logger:Log (UnityEngine.LogType,object)
UnityEngine.Debug:Log (object)
_4Lx0bEMlh0Z40TCezoxVJOBfdgU_:⁬⁯‫⁮​‍⁯‏‭‪​‭‌⁯‫‏‫⁫‪‬‎⁪‍⁭‪‮‎‭‭‫‭​⁬⁭‬⁭‏‬‏‎‮ (object)
_4Lx0bEMlh0Z40TCezoxVJOBfdgU_:_BK57FowBFxgwhLd64I4lOTbiX2B_ (bool)
_4Lx0bEMlh0Z40TCezoxVJOBfdgU_:_yZ0KkA7QWoBI4owQXGQsH7mtOid_ ()
_4Lx0bEMlh0Z40TCezoxVJOBfdgU_:.cctor ()
System.Runtime.CompilerServices.RuntimeHelpers:RunClassConstructor (System.RuntimeTypeHandle)
UnityEditor.EditorAssemblies:ProcessInitializeOnLoadAttributes (System.Type[])

[MTE]Cannot find Amplify Shader Editor, features based on ASE might be disabled.
Please upgrade ASE to latest version and restart Unity.
UnityEngine.StackTraceUtility:ExtractStackTrace ()
UnityEngine.DebugLogHandler:LogFormat (UnityEngine.LogType,UnityEngine.Object,string,object[])
UnityEngine.Logger:Log (UnityEngine.LogType,object)
UnityEngine.Debug:LogWarning (object)
MTE.MTEDebug:⁪‌⁭‍‬⁫⁯⁪‌‮⁫⁯‬‎‏‭‌‍⁯⁮⁯‎​⁮⁭⁮⁪⁮⁭‍‏⁯‪⁪‎⁭‏‍​‎‮ (object)
MTE.MTEDebug:LogWarning (string)
_4Lx0bEMlh0Z40TCezoxVJOBfdgU_:_BK57FowBFxgwhLd64I4lOTbiX2B_ (bool)
_4Lx0bEMlh0Z40TCezoxVJOBfdgU_:_yZ0KkA7QWoBI4owQXGQsH7mtOid_ ()
_4Lx0bEMlh0Z40TCezoxVJOBfdgU_:.cctor ()
System.Runtime.CompilerServices.RuntimeHelpers:RunClassConstructor (System.RuntimeTypeHandle)
UnityEditor.EditorAssemblies:ProcessInitializeOnLoadAttributes (System.Type[])

Initializing Mesh Terrain Editor...Done
UnityEngine.StackTraceUtility:ExtractStackTrace ()
UnityEngine.DebugLogHandler:LogFormat (UnityEngine.LogType,UnityEngine.Object,string,object[])
UnityEngine.Logger:Log (UnityEngine.LogType,object)
UnityEngine.Debug:Log (object)
_4Lx0bEMlh0Z40TCezoxVJOBfdgU_:⁬⁯‫⁮​‍⁯‏‭‪​‭‌⁯‫‏‫⁫‪‬‎⁪‍⁭‪‮‎‭‭‫‭​⁬⁭‬⁭‏‬‏‎‮ (object)
_4Lx0bEMlh0Z40TCezoxVJOBfdgU_:_BK57FowBFxgwhLd64I4lOTbiX2B_ (bool)
_4Lx0bEMlh0Z40TCezoxVJOBfdgU_:_yZ0KkA7QWoBI4owQXGQsH7mtOid_ ()
_4Lx0bEMlh0Z40TCezoxVJOBfdgU_:.cctor ()
System.Runtime.CompilerServices.RuntimeHelpers:RunClassConstructor (System.RuntimeTypeHandle)
UnityEditor.EditorAssemblies:ProcessInitializeOnLoadAttributes (System.Type[])

Mono: successfully reloaded assembly
- Completed reload, in  3.422 seconds
Domain Reload Profiling:
	ReloadAssembly (3423ms)
		BeginReloadAssembly (79ms)
			ExecutionOrderSort (0ms)
			DisableScriptedObjects (3ms)
			BackupInstance (0ms)
			ReleaseScriptingObjects (0ms)
			CreateAndSetChildDomain (14ms)
		EndReloadAssembly (3266ms)
			LoadAssemblies (76ms)
			RebuildTransferFunctionScriptingTraits (0ms)
			SetupTypeCache (220ms)
				TypeCache.Initialize (211ms)
					TypeCache.ScanAssembly (208ms)
				ResolveRequiredComponents (9ms)
			ReleaseScriptCaches (1ms)
			RebuildScriptCaches (51ms)
			SetupLoadedEditorAssemblies (2823ms)
				LogAssemblyErrors (0ms)
				InitializePlatformSupportModulesInManaged (2ms)
				SetLoadedEditorAssemblies (5ms)
				RefreshPlugins (93ms)
				BeforeProcessingInitializeOnLoad (79ms)
				ProcessInitializeOnLoadAttributes (457ms)
				ProcessInitializeOnLoadMethodAttributes (2181ms)
				AfterProcessingInitializeOnLoad (6ms)
				EditorAssembliesLoaded (0ms)
			ExecutionOrderSort2 (0ms)
			AwakeInstancesAfterBackupRestoration (5ms)
Platform modules already initialized, skipping
========================================================================
Worker process is ready to serve import requests
Shader 'MTE/Specialized/Mali 400/Surface/2 Textures/Bumped': fallback shader 'MTE/Specialized/Mali 400/Legacy/2 Textures/Diffuse' not found
Shader 'MTE/Specialized/Mali 400/Surface/3 Textures/Bumped': fallback shader 'MTE/Specialized/Mali 400/Legacy/3 Textures/Diffuse' not found
Launched and connected shader compiler UnityShaderCompiler.exe after 0.04 seconds
Refreshing native plugins compatible for Editor in 1.82 ms, found 3 plugins.
Preloading 0 native plugins for Editor in 0.00 ms.
Unloading 6205 Unused Serialized files (Serialized files now loaded: 0)
Unloading 39 unused Assets / (0.6 MB). Loaded Objects now: 6721.
Memory consumption went from 1.13 GB to 1.13 GB.
Total: 4.188900 ms (FindLiveObjects: 0.500000 ms CreateObjectMapping: 0.268300 ms MarkObjects: 3.062400 ms  DeleteObjects: 0.356700 ms)

AssetImportParameters requested are different than current active one (requested -> active):
  custom:video-decoder-ogg-theora: a1e56fd34408186e4bbccfd4996cb3dc -> 
  custom:container-muxer-webm: aa71ff27fc2769a1b78a27578f13a17b -> 
  custom:container-demuxer-webm: 4f35f7cbe854078d1ac9338744f61a02 -> 
  custom:video-encoder-webm-vp8: eb34c28f22e8b96e1ab97ce403110664 -> 
  custom:video-codec-MediaFoundation-h265: 746d11721c4dcdbdad8f713fa42b33f4 -> 
  custom:audio-encoder-webm-vorbis: bf7c407c2cedff20999df2af8eb42d56 -> 
  custom:framework-win-MediaFoundation: 216162199b28c13a410421893ffa2e32 -> 
  custom:container-demuxer-ogg: 62fdf1f143b41e24485cea50d1cbac27 -> 
  custom:video-decoder-webm-vp8: 9c59270c3fd7afecdb556c50c9e8de78 -> 
  custom:audio-decoder-ogg-vorbis: bf7c407c2cedff20999df2af8eb42d56 -> 
========================================================================
Received Import Request.
  Time since last request: 720058.779473 seconds.
  path: Assets/Low Poly Pack/Prefabs/Fence 5.prefab
  artifactKey: Guid(1c9f6514c2e99c64abe8cf2157e6dbf3) Importer(815301076,1909f56bfc062723c751e8b465ee728b)
Start importing Assets/Low Poly Pack/Prefabs/Fence 5.prefab using Guid(1c9f6514c2e99c64abe8cf2157e6dbf3) Importer(815301076,1909f56bfc062723c751e8b465ee728b)  -> (artifact id: 'c95141c7274880eae730bcbf261b046a') in 0.250922 seconds 
========================================================================
Received Import Request.
  Time since last request: 0.000032 seconds.
  path: Assets/Low Poly Pack/Prefabs/Flower 12.prefab
  artifactKey: Guid(70ab910281831204ca3d8d30b1cf44f4) Importer(815301076,1909f56bfc062723c751e8b465ee728b)
Start importing Assets/Low Poly Pack/Prefabs/Flower 12.prefab using Guid(70ab910281831204ca3d8d30b1cf44f4) Importer(815301076,1909f56bfc062723c751e8b465ee728b)  -> (artifact id: '160e5ccc0f1650ff31bc5119b78212c5') in 0.018752 seconds 
========================================================================
Received Import Request.
  Time since last request: 0.000037 seconds.
  path: Assets/Low Poly Pack/Prefabs/Fence 12.prefab
  artifactKey: Guid(284eef7aaf455e74ba044ae95b9d444b) Importer(815301076,1909f56bfc062723c751e8b465ee728b)
Start importing Assets/Low Poly Pack/Prefabs/Fence 12.prefab using Guid(284eef7aaf455e74ba044ae95b9d444b) Importer(815301076,1909f56bfc062723c751e8b465ee728b)  -> (artifact id: '1c32e37223e45907ceed102455b1dbdb') in 0.026846 seconds 
========================================================================
Received Import Request.
  Time since last request: 0.000060 seconds.
  path: Assets/Low Poly Pack/Prefabs/Mountain Bg 1.prefab
  artifactKey: Guid(6499cd0ca17bcb34298ba73f14cf1b57) Importer(815301076,1909f56bfc062723c751e8b465ee728b)
Start importing Assets/Low Poly Pack/Prefabs/Mountain Bg 1.prefab using Guid(6499cd0ca17bcb34298ba73f14cf1b57) Importer(815301076,1909f56bfc062723c751e8b465ee728b)  -> (artifact id: '89133ce2cfcf77b714363f4a2dd5e180') in 0.019491 seconds 
========================================================================
Received Import Request.
  Time since last request: 0.000026 seconds.
  path: Assets/Low Poly Pack/Prefabs/Flower 1.prefab
  artifactKey: Guid(a04eb711ba99e9941b00462fd2bcc89e) Importer(815301076,1909f56bfc062723c751e8b465ee728b)
Start importing Assets/Low Poly Pack/Prefabs/Flower 1.prefab using Guid(a04eb711ba99e9941b00462fd2bcc89e) Importer(815301076,1909f56bfc062723c751e8b465ee728b)  -> (artifact id: '8579b039e839afde934068c1bd9776af') in 0.020948 seconds 
========================================================================
Received Import Request.
  Time since last request: 0.000029 seconds.
  path: Assets/Low Poly Pack/Prefabs/Mountain Path 2.prefab
  artifactKey: Guid(61e64ae3cc5bf3f4a93d09823b522552) Importer(815301076,1909f56bfc062723c751e8b465ee728b)
Start importing Assets/Low Poly Pack/Prefabs/Mountain Path 2.prefab using Guid(61e64ae3cc5bf3f4a93d09823b522552) Importer(815301076,1909f56bfc062723c751e8b465ee728b)  -> (artifact id: 'ce4b3a1b9f9356e03489be8fb8c3712f') in 0.037326 seconds 
========================================================================
Received Import Request.
  Time since last request: 0.000025 seconds.
  path: Assets/Low Poly Pack/Prefabs/Fence 10.prefab
  artifactKey: Guid(5bc383449a755104f8e136bc52275e17) Importer(815301076,1909f56bfc062723c751e8b465ee728b)
Start importing Assets/Low Poly Pack/Prefabs/Fence 10.prefab using Guid(5bc383449a755104f8e136bc52275e17) Importer(815301076,1909f56bfc062723c751e8b465ee728b)  -> (artifact id: '429b3ac4b6e47fd39a3f57805f24eabd') in 0.034320 seconds 
========================================================================
Received Import Request.
  Time since last request: 0.000069 seconds.
  path: Assets/Low Poly Pack/Prefabs/Fence 7.prefab
  artifactKey: Guid(c40daca023d13cb4d9cbd954385f6ca5) Importer(815301076,1909f56bfc062723c751e8b465ee728b)
Start importing Assets/Low Poly Pack/Prefabs/Fence 7.prefab using Guid(c40daca023d13cb4d9cbd954385f6ca5) Importer(815301076,1909f56bfc062723c751e8b465ee728b)  -> (artifact id: 'c57fd268c00d55434e3dbaa8b5ba7edc') in 0.034723 seconds 
========================================================================
Received Import Request.
  Time since last request: 0.000040 seconds.
  path: Assets/Low Poly Pack/Prefabs/Flower 5.prefab
  artifactKey: Guid(553508c5407274c46949f3b4793a7d31) Importer(815301076,1909f56bfc062723c751e8b465ee728b)
Start importing Assets/Low Poly Pack/Prefabs/Flower 5.prefab using Guid(553508c5407274c46949f3b4793a7d31) Importer(815301076,1909f56bfc062723c751e8b465ee728b)  -> (artifact id: 'e2b6fe43c692c42e91a75d1250272c40') in 0.028870 seconds 
========================================================================
Received Import Request.
  Time since last request: 0.000058 seconds.
  path: Assets/Low Poly Pack/Prefabs/IceSheet 2.prefab
  artifactKey: Guid(a368f28b76e074f44945fec8863acb6b) Importer(815301076,1909f56bfc062723c751e8b465ee728b)
Start importing Assets/Low Poly Pack/Prefabs/IceSheet 2.prefab using Guid(a368f28b76e074f44945fec8863acb6b) Importer(815301076,1909f56bfc062723c751e8b465ee728b)  -> (artifact id: 'e2530bb089f9f5a64309ed76ad2997ac') in 0.017076 seconds 
========================================================================
Received Import Request.
  Time since last request: 0.000028 seconds.
  path: Assets/Low Poly Pack/Prefabs/Mountain Cave 2.prefab
  artifactKey: Guid(b655dc2668ba8bb47ae34ee356e5b6fc) Importer(815301076,1909f56bfc062723c751e8b465ee728b)
Start importing Assets/Low Poly Pack/Prefabs/Mountain Cave 2.prefab using Guid(b655dc2668ba8bb47ae34ee356e5b6fc) Importer(815301076,1909f56bfc062723c751e8b465ee728b)  -> (artifact id: 'e190ed804094a54dbefcc8b71bcf6ba9') in 0.024585 seconds 
========================================================================
Received Import Request.
  Time since last request: 0.000039 seconds.
  path: Assets/Low Poly Pack/Prefabs/Mountain Path 1.prefab
  artifactKey: Guid(900f5bd2e1fd3ac4b8623213d635b91c) Importer(815301076,1909f56bfc062723c751e8b465ee728b)
Start importing Assets/Low Poly Pack/Prefabs/Mountain Path 1.prefab using Guid(900f5bd2e1fd3ac4b8623213d635b91c) Importer(815301076,1909f56bfc062723c751e8b465ee728b)  -> (artifact id: '5eaaa0ab197d89bc47c03742ea2407e1') in 0.025092 seconds 
========================================================================
Received Import Request.
  Time since last request: 0.000095 seconds.
  path: Assets/Low Poly Pack/Prefabs/Mountain Bg 3.prefab
  artifactKey: Guid(b1a84d8e99aad3a479f88ad2850d9325) Importer(815301076,1909f56bfc062723c751e8b465ee728b)
Start importing Assets/Low Poly Pack/Prefabs/Mountain Bg 3.prefab using Guid(b1a84d8e99aad3a479f88ad2850d9325) Importer(815301076,1909f56bfc062723c751e8b465ee728b)  -> (artifact id: '75c0d91e6ee40b2fa71be49490954a6a') in 0.024854 seconds 
========================================================================
Received Import Request.
  Time since last request: 0.000047 seconds.
  path: Assets/Low Poly Pack/Prefabs/Grass Blade Set 2.prefab
  artifactKey: Guid(19e6350c649059b40b6a8aa097550024) Importer(815301076,1909f56bfc062723c751e8b465ee728b)
Start importing Assets/Low Poly Pack/Prefabs/Grass Blade Set 2.prefab using Guid(19e6350c649059b40b6a8aa097550024) Importer(815301076,1909f56bfc062723c751e8b465ee728b)  -> (artifact id: '1a57e5f11e3d96c27eebe873bcb1d416') in 0.030149 seconds 
========================================================================
Received Import Request.
  Time since last request: 0.000048 seconds.
  path: Assets/Low Poly Pack/Prefabs/Flower 7.prefab
  artifactKey: Guid(e392ee297fc8e994f819f50e1a06330a) Importer(815301076,1909f56bfc062723c751e8b465ee728b)
Start importing Assets/Low Poly Pack/Prefabs/Flower 7.prefab using Guid(e392ee297fc8e994f819f50e1a06330a) Importer(815301076,1909f56bfc062723c751e8b465ee728b)  -> (artifact id: '63f2594fe69b429da52d4b7af373f5f0') in 0.026676 seconds 
========================================================================
Received Import Request.
  Time since last request: 0.000062 seconds.
  path: Assets/Low Poly Pack/Prefabs/Fence 6.prefab
  artifactKey: Guid(87c0d68ed8e25a04f9a1b63bdd16a020) Importer(815301076,1909f56bfc062723c751e8b465ee728b)
Start importing Assets/Low Poly Pack/Prefabs/Fence 6.prefab using Guid(87c0d68ed8e25a04f9a1b63bdd16a020) Importer(815301076,1909f56bfc062723c751e8b465ee728b)  -> (artifact id: 'ad2d4677e5fd14793fbc9f3e34376c18') in 0.038325 seconds 
========================================================================
Received Import Request.
  Time since last request: 0.000068 seconds.
  path: Assets/Low Poly Pack/Prefabs/Fence 8.prefab
  artifactKey: Guid(ff83041d87632f448813ceaf9c595eda) Importer(815301076,1909f56bfc062723c751e8b465ee728b)
Start importing Assets/Low Poly Pack/Prefabs/Fence 8.prefab using Guid(ff83041d87632f448813ceaf9c595eda) Importer(815301076,1909f56bfc062723c751e8b465ee728b)  -> (artifact id: '673ebc30d3aa67343dbe3913a0067cdd') in 0.033802 seconds 
========================================================================
Received Import Request.
  Time since last request: 0.000039 seconds.
  path: Assets/Low Poly Pack/Prefabs/Fence 11.prefab
  artifactKey: Guid(ab7e6a7360bcff744883a23ae19cb189) Importer(815301076,1909f56bfc062723c751e8b465ee728b)
Start importing Assets/Low Poly Pack/Prefabs/Fence 11.prefab using Guid(ab7e6a7360bcff744883a23ae19cb189) Importer(815301076,1909f56bfc062723c751e8b465ee728b)  -> (artifact id: 'b948db34b9cb0738f8f96303ad3e4ba5') in 0.034776 seconds 
========================================================================
Received Import Request.
  Time since last request: 0.000038 seconds.
  path: Assets/Low Poly Pack/Prefabs/Fence Stone 1.prefab
  artifactKey: Guid(acbab5eace6dabd45a503fb7bd33e858) Importer(815301076,1909f56bfc062723c751e8b465ee728b)
Start importing Assets/Low Poly Pack/Prefabs/Fence Stone 1.prefab using Guid(acbab5eace6dabd45a503fb7bd33e858) Importer(815301076,1909f56bfc062723c751e8b465ee728b)  -> (artifact id: '84936a552fdb0781777350223f8311af') in 0.034932 seconds 
========================================================================
Received Import Request.
  Time since last request: 0.000042 seconds.
  path: Assets/Low Poly Pack/Prefabs/Lake Boulders 1.prefab
  artifactKey: Guid(8002b0d3f00f7474bb53d272bab515eb) Importer(815301076,1909f56bfc062723c751e8b465ee728b)
Start importing Assets/Low Poly Pack/Prefabs/Lake Boulders 1.prefab using Guid(8002b0d3f00f7474bb53d272bab515eb) Importer(815301076,1909f56bfc062723c751e8b465ee728b)  -> (artifact id: '1e557f09cdea7e4cb3d164cdcad77fa4') in 0.029029 seconds 
========================================================================
Received Import Request.
  Time since last request: 0.000032 seconds.
  path: Assets/Low Poly Pack/Prefabs/Fence Post 2.prefab
  artifactKey: Guid(eed2712c195b91741afb16fdd9fa5f02) Importer(815301076,1909f56bfc062723c751e8b465ee728b)
Start importing Assets/Low Poly Pack/Prefabs/Fence Post 2.prefab using Guid(eed2712c195b91741afb16fdd9fa5f02) Importer(815301076,1909f56bfc062723c751e8b465ee728b)  -> (artifact id: 'f187ddd02409eb7bab8efbe809e8627a') in 0.034878 seconds 
========================================================================
Received Import Request.
  Time since last request: 0.000051 seconds.
  path: Assets/Low Poly Pack/Prefabs/Flower 2.prefab
  artifactKey: Guid(68cfb8870bd4c654f876330f60cb719a) Importer(815301076,1909f56bfc062723c751e8b465ee728b)
Start importing Assets/Low Poly Pack/Prefabs/Flower 2.prefab using Guid(68cfb8870bd4c654f876330f60cb719a) Importer(815301076,1909f56bfc062723c751e8b465ee728b)  -> (artifact id: '7c2b2af581aea8c89d5611912edd8cd9') in 0.023126 seconds 
========================================================================
Received Import Request.
  Time since last request: 0.000058 seconds.
  path: Assets/Low Poly Pack/Prefabs/Fence Stone 2.prefab
  artifactKey: Guid(e44b38c017aeece49a9321dcd0823936) Importer(815301076,1909f56bfc062723c751e8b465ee728b)
Start importing Assets/Low Poly Pack/Prefabs/Fence Stone 2.prefab using Guid(e44b38c017aeece49a9321dcd0823936) Importer(815301076,1909f56bfc062723c751e8b465ee728b)  -> (artifact id: 'eed0a54168d2e9b778d3a90b32c8462d') in 0.027036 seconds 
