Using pre-set license
Built from '2022.1/staging' branch; Version is '2022.1.16f1 (7321c9670bc2) revision 7545289'; Using compiler version '192829333'; Build Type 'Release'
OS: 'Windows 11  (10.0.22621) 64bit Professional' Language: 'en' Physical Memory: 32438 MB
BatchMode: 1, IsHumanControllingUs: 0, StartBugReporterOnCrash: 0, Is64bit: 1, IsPro: 1

COMMAND LINE ARGUMENTS:
C:\Program Files\Unity 2022.1.16f1\Editor\Unity.exe
-adb2
-batchMode
-noUpm
-name
AssetImportWorker22
-projectPath
C:/Users/miss_/OneDrive/Documents/TPJeu/5J5
-logFile
Logs/AssetImportWorker22.log
-srvPort
58138
Successfully changed project path to: C:/Users/miss_/OneDrive/Documents/TPJeu/5J5
C:/Users/miss_/OneDrive/Documents/TPJeu/5J5
[UnityMemory] Configuration Parameters - Can be set up in boot.config
    "memorysetup-bucket-allocator-granularity=16"
    "memorysetup-bucket-allocator-bucket-count=8"
    "memorysetup-bucket-allocator-block-size=33554432"
    "memorysetup-bucket-allocator-block-count=8"
    "memorysetup-main-allocator-block-size=16777216"
    "memorysetup-thread-allocator-block-size=16777216"
    "memorysetup-gfx-main-allocator-block-size=16777216"
    "memorysetup-gfx-thread-allocator-block-size=16777216"
    "memorysetup-cache-allocator-block-size=4194304"
    "memorysetup-typetree-allocator-block-size=2097152"
    "memorysetup-profiler-bucket-allocator-granularity=16"
    "memorysetup-profiler-bucket-allocator-bucket-count=8"
    "memorysetup-profiler-bucket-allocator-block-size=33554432"
    "memorysetup-profiler-bucket-allocator-block-count=8"
    "memorysetup-profiler-allocator-block-size=16777216"
    "memorysetup-profiler-editor-allocator-block-size=1048576"
    "memorysetup-temp-allocator-size-main=16777216"
    "memorysetup-job-temp-allocator-block-size=2097152"
    "memorysetup-job-temp-allocator-block-size-background=1048576"
    "memorysetup-job-temp-allocator-reduction-small-platforms=262144"
    "memorysetup-temp-allocator-size-background-worker=32768"
    "memorysetup-temp-allocator-size-job-worker=262144"
    "memorysetup-temp-allocator-size-preload-manager=33554432"
    "memorysetup-temp-allocator-size-nav-mesh-worker=65536"
    "memorysetup-temp-allocator-size-audio-worker=65536"
    "memorysetup-temp-allocator-size-cloud-worker=32768"
    "memorysetup-temp-allocator-size-gi-baking-worker=262144"
    "memorysetup-temp-allocator-size-gfx=262144"
Refreshing native plugins compatible for Editor in 140.17 ms, found 3 plugins.
Preloading 0 native plugins for Editor in 0.00 ms.
Initialize engine version: 2022.1.16f1 (7321c9670bc2)
[Subsystems] Discovering subsystems at path C:/Program Files/Unity 2022.1.16f1/Editor/Data/Resources/UnitySubsystems
[Subsystems] Discovering subsystems at path C:/Users/miss_/OneDrive/Documents/TPJeu/5J5/Assets
GfxDevice: creating device client; threaded=0; jobified=0
Direct3D:
    Version:  Direct3D 11.0 [level 11.1]
    Renderer: Intel(R) Iris(R) Xe Graphics (ID=0x46a6)
    Vendor:   Intel
    VRAM:     16219 MB
    Driver:   30.0.101.1298
Initialize mono
Mono path[0] = 'C:/Program Files/Unity 2022.1.16f1/Editor/Data/Managed'
Mono path[1] = 'C:/Program Files/Unity 2022.1.16f1/Editor/Data/MonoBleedingEdge/lib/mono/unityjit-win32'
Mono config path = 'C:/Program Files/Unity 2022.1.16f1/Editor/Data/MonoBleedingEdge/etc'
Using monoOptions --debugger-agent=transport=dt_socket,embedding=1,server=y,suspend=n,address=127.0.0.1:56536
Begin MonoManager ReloadAssembly
Registering precompiled unity dll's ...
Register platform support module: C:/Program Files/Unity 2022.1.16f1/Editor/Data/PlaybackEngines/WindowsStandaloneSupport/UnityEditor.WindowsStandalone.Extensions.dll
Registered in 0.002453 seconds.
Native extension for WindowsStandalone target not found
Refreshing native plugins compatible for Editor in 91.46 ms, found 3 plugins.
Preloading 0 native plugins for Editor in 0.00 ms.
Mono: successfully reloaded assembly
- Completed reload, in  0.501 seconds
Domain Reload Profiling:
	ReloadAssembly (501ms)
		BeginReloadAssembly (57ms)
			ExecutionOrderSort (0ms)
			DisableScriptedObjects (0ms)
			BackupInstance (0ms)
			ReleaseScriptingObjects (0ms)
			CreateAndSetChildDomain (1ms)
		EndReloadAssembly (373ms)
			LoadAssemblies (55ms)
			RebuildTransferFunctionScriptingTraits (0ms)
			SetupTypeCache (78ms)
				TypeCache.Initialize (77ms)
					TypeCache.ScanAssembly (76ms)
				ResolveRequiredComponents (0ms)
			ReleaseScriptCaches (0ms)
			RebuildScriptCaches (22ms)
			SetupLoadedEditorAssemblies (232ms)
				LogAssemblyErrors (0ms)
				InitializePlatformSupportModulesInManaged (5ms)
				SetLoadedEditorAssemblies (6ms)
				RefreshPlugins (92ms)
				BeforeProcessingInitializeOnLoad (1ms)
				ProcessInitializeOnLoadAttributes (95ms)
				ProcessInitializeOnLoadMethodAttributes (33ms)
				AfterProcessingInitializeOnLoad (0ms)
				EditorAssembliesLoaded (0ms)
			ExecutionOrderSort2 (0ms)
			AwakeInstancesAfterBackupRestoration (0ms)
Platform modules already initialized, skipping
Registering precompiled user dll's ...
Registered in 0.005995 seconds.
Begin MonoManager ReloadAssembly
Symbol file LoadedFromMemory doesn't match image C:\Users\miss_\OneDrive\Documents\TPJeu\5J5\Library\PackageCache\com.unity.visualscripting@1.7.8\Editor\VisualScripting.Core\Dependencies\YamlDotNet\Unity.VisualScripting.YamlDotNet.dll
Symbol file LoadedFromMemory doesn't match image C:\Users\miss_\OneDrive\Documents\TPJeu\5J5\Library\PackageCache\com.unity.visualscripting@1.7.8\Editor\VisualScripting.Core\Dependencies\DotNetZip\Unity.VisualScripting.IonicZip.dll
Native extension for WindowsStandalone target not found
Refreshing native plugins compatible for Editor in 96.08 ms, found 3 plugins.
Preloading 0 native plugins for Editor in 0.00 ms.
Mono: successfully reloaded assembly
- Completed reload, in  1.362 seconds
Domain Reload Profiling:
	ReloadAssembly (1363ms)
		BeginReloadAssembly (84ms)
			ExecutionOrderSort (0ms)
			DisableScriptedObjects (4ms)
			BackupInstance (0ms)
			ReleaseScriptingObjects (0ms)
			CreateAndSetChildDomain (16ms)
		EndReloadAssembly (1201ms)
			LoadAssemblies (79ms)
			RebuildTransferFunctionScriptingTraits (0ms)
			SetupTypeCache (412ms)
				TypeCache.Initialize (400ms)
					TypeCache.ScanAssembly (396ms)
				ResolveRequiredComponents (12ms)
			ReleaseScriptCaches (1ms)
			RebuildScriptCaches (78ms)
			SetupLoadedEditorAssemblies (544ms)
				LogAssemblyErrors (0ms)
				InitializePlatformSupportModulesInManaged (7ms)
				SetLoadedEditorAssemblies (9ms)
				RefreshPlugins (96ms)
				BeforeProcessingInitializeOnLoad (97ms)
				ProcessInitializeOnLoadAttributes (255ms)
				ProcessInitializeOnLoadMethodAttributes (75ms)
				AfterProcessingInitializeOnLoad (4ms)
				EditorAssembliesLoaded (0ms)
			ExecutionOrderSort2 (0ms)
			AwakeInstancesAfterBackupRestoration (5ms)
Platform modules already initialized, skipping
========================================================================
Worker process is ready to serve import requests
Launched and connected shader compiler UnityShaderCompiler.exe after 0.06 seconds
Refreshing native plugins compatible for Editor in 0.91 ms, found 3 plugins.
Preloading 0 native plugins for Editor in 0.00 ms.
Unloading 5980 Unused Serialized files (Serialized files now loaded: 0)
Unloading 38 unused Assets / (350.8 KB). Loaded Objects now: 6439.
Memory consumption went from 0.92 GB to 0.92 GB.
Total: 3.674900 ms (FindLiveObjects: 0.510900 ms CreateObjectMapping: 0.252600 ms MarkObjects: 2.753900 ms  DeleteObjects: 0.156200 ms)

AssetImportParameters requested are different than current active one (requested -> active):
  custom:video-decoder-ogg-theora: a1e56fd34408186e4bbccfd4996cb3dc -> 
  custom:container-muxer-webm: aa71ff27fc2769a1b78a27578f13a17b -> 
  custom:container-demuxer-webm: 4f35f7cbe854078d1ac9338744f61a02 -> 
  custom:video-encoder-webm-vp8: eb34c28f22e8b96e1ab97ce403110664 -> 
  custom:video-codec-MediaFoundation-h265: 746d11721c4dcdbdad8f713fa42b33f4 -> 
  custom:audio-encoder-webm-vorbis: bf7c407c2cedff20999df2af8eb42d56 -> 
  custom:framework-win-MediaFoundation: 216162199b28c13a410421893ffa2e32 -> 
  custom:container-demuxer-ogg: 62fdf1f143b41e24485cea50d1cbac27 -> 
  custom:video-decoder-webm-vp8: 9c59270c3fd7afecdb556c50c9e8de78 -> 
  custom:audio-decoder-ogg-vorbis: bf7c407c2cedff20999df2af8eb42d56 -> 
========================================================================
Received Import Request.
  Time since last request: 225602.482239 seconds.
  path: Assets/RPGPP_LT/Prefabs/Props/Misc/rpgpp_lt_bird_house_01.prefab
  artifactKey: Guid(7689b2d5def66f04eb3b0905d7b65084) Importer(815301076,1909f56bfc062723c751e8b465ee728b)
Start importing Assets/RPGPP_LT/Prefabs/Props/Misc/rpgpp_lt_bird_house_01.prefab using Guid(7689b2d5def66f04eb3b0905d7b65084) Importer(815301076,1909f56bfc062723c751e8b465ee728b)  -> (artifact id: '2d4930b1f59732c8459a12bf32706c00') in 0.342072 seconds 
========================================================================
Received Import Request.
  Time since last request: 254.351593 seconds.
  path: Assets/RPGPP_LT/Prefabs/Props/Wood
  artifactKey: Guid(02e35356e96446740bb0b519e7fd9289) Importer(815301076,1909f56bfc062723c751e8b465ee728b)
Start importing Assets/RPGPP_LT/Prefabs/Props/Wood using Guid(02e35356e96446740bb0b519e7fd9289) Importer(815301076,1909f56bfc062723c751e8b465ee728b)  -> (artifact id: '5c59f1aaded3f059a839d04e2fdc6ab9') in 0.005584 seconds 
========================================================================
Received Import Request.
  Time since last request: 87.286564 seconds.
  path: Assets/Handpainted_Grass_and_Ground_Textures/Demo/terrain_layers/dirt_lighted_up.terrainlayer
  artifactKey: Guid(1f75228414d5254428e95e86edd17bb3) Importer(815301076,1909f56bfc062723c751e8b465ee728b)
Start importing Assets/Handpainted_Grass_and_Ground_Textures/Demo/terrain_layers/dirt_lighted_up.terrainlayer using Guid(1f75228414d5254428e95e86edd17bb3) Importer(815301076,1909f56bfc062723c751e8b465ee728b)  -> (artifact id: 'b282785af80a0017376573bf48e57fba') in 0.050614 seconds 
========================================================================
Received Import Request.
  Time since last request: 127.576040 seconds.
  path: Assets/RPGPP_LT/Prefabs/Nature/Rocks
  artifactKey: Guid(bcdbaf7c59877724ea3cdf590b46ee87) Importer(815301076,1909f56bfc062723c751e8b465ee728b)
Start importing Assets/RPGPP_LT/Prefabs/Nature/Rocks using Guid(bcdbaf7c59877724ea3cdf590b46ee87) Importer(815301076,1909f56bfc062723c751e8b465ee728b)  -> (artifact id: '46bfc01a9ca3b4a5d8a0e629f41b9044') in 0.004722 seconds 
========================================================================
Received Import Request.
  Time since last request: 0.158266 seconds.
  path: Assets/RPGPP_LT/Prefabs/Nature/Rocks/rpgpp_lt_rock_01.prefab
  artifactKey: Guid(6fc2010b5899cfd488a0ddf205679e2b) Importer(815301076,1909f56bfc062723c751e8b465ee728b)
Start importing Assets/RPGPP_LT/Prefabs/Nature/Rocks/rpgpp_lt_rock_01.prefab using Guid(6fc2010b5899cfd488a0ddf205679e2b) Importer(815301076,1909f56bfc062723c751e8b465ee728b)  -> (artifact id: '892fddc86a88c1182d35db00649d5d31') in 0.050875 seconds 
========================================================================
Received Import Request.
  Time since last request: 0.000083 seconds.
  path: Assets/RPGPP_LT/Prefabs/Nature/Rocks/rpgpp_lt_rock_small_01.prefab
  artifactKey: Guid(dc9954dcaaaee02409e17bacb3dcc453) Importer(815301076,1909f56bfc062723c751e8b465ee728b)
Start importing Assets/RPGPP_LT/Prefabs/Nature/Rocks/rpgpp_lt_rock_small_01.prefab using Guid(dc9954dcaaaee02409e17bacb3dcc453) Importer(815301076,1909f56bfc062723c751e8b465ee728b)  -> (artifact id: '2e2511655edf8487e610b79b5c49901c') in 0.036427 seconds 
========================================================================
Received Import Request.
  Time since last request: 0.000056 seconds.
  path: Assets/RPGPP_LT/Prefabs/Nature/Rocks/rpgpp_lt_rock_small_02.prefab
  artifactKey: Guid(9f21020355643c74c88002634abcdabd) Importer(815301076,1909f56bfc062723c751e8b465ee728b)
Start importing Assets/RPGPP_LT/Prefabs/Nature/Rocks/rpgpp_lt_rock_small_02.prefab using Guid(9f21020355643c74c88002634abcdabd) Importer(815301076,1909f56bfc062723c751e8b465ee728b)  -> (artifact id: 'fb9eb6080ca974ab0dc634cb7ac48cab') in 0.042796 seconds 
========================================================================
Received Import Request.
  Time since last request: 2.898278 seconds.
  path: Assets/RPGPP_LT/Prefabs/Nature/Terrain
  artifactKey: Guid(35a14bf03a52c0542aac7ef0d955d918) Importer(815301076,1909f56bfc062723c751e8b465ee728b)
Start importing Assets/RPGPP_LT/Prefabs/Nature/Terrain using Guid(35a14bf03a52c0542aac7ef0d955d918) Importer(815301076,1909f56bfc062723c751e8b465ee728b)  -> (artifact id: '99ebd1d4fb7e91e5695c727da539e2bc') in 0.004961 seconds 
========================================================================
Received Import Request.
  Time since last request: 0.122901 seconds.
  path: Assets/RPGPP_LT/Prefabs/Nature/Terrain/rpgpp_lt_hill_small_01.prefab
  artifactKey: Guid(5c9211eb71cff4f4996a21d92317f601) Importer(815301076,1909f56bfc062723c751e8b465ee728b)
Start importing Assets/RPGPP_LT/Prefabs/Nature/Terrain/rpgpp_lt_hill_small_01.prefab using Guid(5c9211eb71cff4f4996a21d92317f601) Importer(815301076,1909f56bfc062723c751e8b465ee728b)  -> (artifact id: '056aaa5499ff8285364d3758a0334e5b') in 0.060828 seconds 
========================================================================
Received Import Request.
  Time since last request: 0.000047 seconds.
  path: Assets/RPGPP_LT/Prefabs/Nature/Terrain/rpgpp_lt_terrain_grass_02.prefab
  artifactKey: Guid(68cbfa1438162b243ac02fb9e3e30581) Importer(815301076,1909f56bfc062723c751e8b465ee728b)
Start importing Assets/RPGPP_LT/Prefabs/Nature/Terrain/rpgpp_lt_terrain_grass_02.prefab using Guid(68cbfa1438162b243ac02fb9e3e30581) Importer(815301076,1909f56bfc062723c751e8b465ee728b)  -> (artifact id: 'f783a2023c54503b238576518c01e388') in 0.044643 seconds 
========================================================================
Received Import Request.
  Time since last request: 0.000064 seconds.
  path: Assets/RPGPP_LT/Prefabs/Nature/Terrain/rpgpp_lt_terrain_grass_01.prefab
  artifactKey: Guid(bdf8e7438a7816543998181bd3067573) Importer(815301076,1909f56bfc062723c751e8b465ee728b)
Start importing Assets/RPGPP_LT/Prefabs/Nature/Terrain/rpgpp_lt_terrain_grass_01.prefab using Guid(bdf8e7438a7816543998181bd3067573) Importer(815301076,1909f56bfc062723c751e8b465ee728b)  -> (artifact id: 'cb5a19b4de14c807b45926c0e14c496d') in 0.054521 seconds 
========================================================================
Received Import Request.
  Time since last request: 0.000167 seconds.
  path: Assets/RPGPP_LT/Prefabs/Nature/Terrain/rpgpp_lt_mountain_01.prefab
  artifactKey: Guid(9d200fbd47e9c7f45ad54450ebd25b94) Importer(815301076,1909f56bfc062723c751e8b465ee728b)
Start importing Assets/RPGPP_LT/Prefabs/Nature/Terrain/rpgpp_lt_mountain_01.prefab using Guid(9d200fbd47e9c7f45ad54450ebd25b94) Importer(815301076,1909f56bfc062723c751e8b465ee728b)  -> (artifact id: 'd025e3ee82d56f677abfeb812793eb7f') in 0.037628 seconds 
========================================================================
Received Import Request.
  Time since last request: 6.113167 seconds.
  path: Assets/RPGPP_LT/Prefabs/Nature/Sky
  artifactKey: Guid(a4390f396a63a0c4687d3369d614194e) Importer(815301076,1909f56bfc062723c751e8b465ee728b)
Start importing Assets/RPGPP_LT/Prefabs/Nature/Sky using Guid(a4390f396a63a0c4687d3369d614194e) Importer(815301076,1909f56bfc062723c751e8b465ee728b)  -> (artifact id: '5e8e72ecfeda90c7ceba10779efef3bf') in 0.010453 seconds 
========================================================================
Received Import Request.
  Time since last request: 0.145430 seconds.
  path: Assets/RPGPP_LT/Prefabs/Nature/Sky/rpgpp_lt_cloud_01.prefab
  artifactKey: Guid(6fdeb1faa1b42904e9210dd047b256ba) Importer(815301076,1909f56bfc062723c751e8b465ee728b)
Start importing Assets/RPGPP_LT/Prefabs/Nature/Sky/rpgpp_lt_cloud_01.prefab using Guid(6fdeb1faa1b42904e9210dd047b256ba) Importer(815301076,1909f56bfc062723c751e8b465ee728b)  -> (artifact id: 'cf30e22e00cfb9889d2ab16796844f13') in 0.034388 seconds 
========================================================================
Received Import Request.
  Time since last request: 2.813531 seconds.
  path: Assets/RPGPP_LT/Prefabs/Nature/Vegetation
  artifactKey: Guid(1f67d8c4e62c4144392c50846992f7be) Importer(815301076,1909f56bfc062723c751e8b465ee728b)
Start importing Assets/RPGPP_LT/Prefabs/Nature/Vegetation using Guid(1f67d8c4e62c4144392c50846992f7be) Importer(815301076,1909f56bfc062723c751e8b465ee728b)  -> (artifact id: '5bf739a01024354f0486abe44158cdc8') in 0.008941 seconds 
========================================================================
Received Import Request.
  Time since last request: 2.325888 seconds.
  path: Assets/RPGPP_LT/Prefabs/Nature/Vegetation/Bushes
  artifactKey: Guid(48f9d683a77b2b541b66e8ee4e650529) Importer(815301076,1909f56bfc062723c751e8b465ee728b)
Start importing Assets/RPGPP_LT/Prefabs/Nature/Vegetation/Bushes using Guid(48f9d683a77b2b541b66e8ee4e650529) Importer(815301076,1909f56bfc062723c751e8b465ee728b)  -> (artifact id: 'c378dd432a5116c11a1e42d6822a787b') in 0.004444 seconds 
========================================================================
Received Import Request.
  Time since last request: 0.086738 seconds.
  path: Assets/RPGPP_LT/Prefabs/Nature/Vegetation/Bushes/rpgpp_lt_bush_01.prefab
  artifactKey: Guid(bd1a894f239d58d4dbf63f27e28096bd) Importer(815301076,1909f56bfc062723c751e8b465ee728b)
Start importing Assets/RPGPP_LT/Prefabs/Nature/Vegetation/Bushes/rpgpp_lt_bush_01.prefab using Guid(bd1a894f239d58d4dbf63f27e28096bd) Importer(815301076,1909f56bfc062723c751e8b465ee728b)  -> (artifact id: 'd261c961c8f74f6fb84838532a14b604') in 0.038426 seconds 
========================================================================
Received Import Request.
  Time since last request: 7.862754 seconds.
  path: Assets/RPGPP_LT/Prefabs/Nature/Vegetation/Flowers
  artifactKey: Guid(cedcb6555bd89b940a6868c072ed473d) Importer(815301076,1909f56bfc062723c751e8b465ee728b)
Start importing Assets/RPGPP_LT/Prefabs/Nature/Vegetation/Flowers using Guid(cedcb6555bd89b940a6868c072ed473d) Importer(815301076,1909f56bfc062723c751e8b465ee728b)  -> (artifact id: '0f150a19f33951b7b5c7695748a614aa') in 0.005208 seconds 
========================================================================
Received Import Request.
  Time since last request: 0.055202 seconds.
  path: Assets/RPGPP_LT/Prefabs/Nature/Vegetation/Flowers/rpgpp_lt_flower_01.prefab
  artifactKey: Guid(1aad01ae01d836647b215e40f1f4c1a7) Importer(815301076,1909f56bfc062723c751e8b465ee728b)
Start importing Assets/RPGPP_LT/Prefabs/Nature/Vegetation/Flowers/rpgpp_lt_flower_01.prefab using Guid(1aad01ae01d836647b215e40f1f4c1a7) Importer(815301076,1909f56bfc062723c751e8b465ee728b)  -> (artifact id: 'b920018e869c7c407644b4ddcd0ab4b2') in 0.043511 seconds 
========================================================================
Received Import Request.
  Time since last request: 42.865604 seconds.
  path: Assets/Stylized Snow Forest/Prefabs/Grass_01.prefab
  artifactKey: Guid(2f3e88a796323a24397f5548e432b93a) Importer(815301076,1909f56bfc062723c751e8b465ee728b)
Start importing Assets/Stylized Snow Forest/Prefabs/Grass_01.prefab using Guid(2f3e88a796323a24397f5548e432b93a) Importer(815301076,1909f56bfc062723c751e8b465ee728b)  -> (artifact id: '271d0bca762ea6fc09e825d4f844ae38') in 0.221307 seconds 
========================================================================
Received Prepare
Registering precompiled user dll's ...
Registered in 0.005013 seconds.
Begin MonoManager ReloadAssembly
Symbol file LoadedFromMemory doesn't match image C:\Users\miss_\OneDrive\Documents\TPJeu\5J5\Library\PackageCache\com.unity.visualscripting@1.7.8\Editor\VisualScripting.Core\Dependencies\YamlDotNet\Unity.VisualScripting.YamlDotNet.dll
Symbol file LoadedFromMemory doesn't match image C:\Users\miss_\OneDrive\Documents\TPJeu\5J5\Library\PackageCache\com.unity.visualscripting@1.7.8\Editor\VisualScripting.Core\Dependencies\DotNetZip\Unity.VisualScripting.IonicZip.dll
Native extension for WindowsStandalone target not found
Refreshing native plugins compatible for Editor in 4.14 ms, found 3 plugins.
Preloading 0 native plugins for Editor in 0.00 ms.
Mono: successfully reloaded assembly
- Completed reload, in  1.294 seconds
Domain Reload Profiling:
	ReloadAssembly (1294ms)
		BeginReloadAssembly (109ms)
			ExecutionOrderSort (0ms)
			DisableScriptedObjects (5ms)
			BackupInstance (0ms)
			ReleaseScriptingObjects (0ms)
			CreateAndSetChildDomain (38ms)
		EndReloadAssembly (1116ms)
			LoadAssemblies (81ms)
			RebuildTransferFunctionScriptingTraits (0ms)
			SetupTypeCache (312ms)
				TypeCache.Initialize (303ms)
					TypeCache.ScanAssembly (298ms)
				ResolveRequiredComponents (9ms)
			ReleaseScriptCaches (2ms)
			RebuildScriptCaches (78ms)
			SetupLoadedEditorAssemblies (529ms)
				LogAssemblyErrors (0ms)
				InitializePlatformSupportModulesInManaged (13ms)
				SetLoadedEditorAssemblies (12ms)
				RefreshPlugins (4ms)
				BeforeProcessingInitializeOnLoad (86ms)
				ProcessInitializeOnLoadAttributes (315ms)
				ProcessInitializeOnLoadMethodAttributes (94ms)
				AfterProcessingInitializeOnLoad (4ms)
				EditorAssembliesLoaded (0ms)
			ExecutionOrderSort2 (0ms)
			AwakeInstancesAfterBackupRestoration (16ms)
Platform modules already initialized, skipping
Refreshing native plugins compatible for Editor in 2.23 ms, found 3 plugins.
Preloading 0 native plugins for Editor in 0.00 ms.
Unloading 5835 Unused Serialized files (Serialized files now loaded: 0)
Unloading 30 unused Assets / (309.9 KB). Loaded Objects now: 6497.
Memory consumption went from 0.90 GB to 0.90 GB.
Total: 4.282200 ms (FindLiveObjects: 0.652500 ms CreateObjectMapping: 0.353000 ms MarkObjects: 3.193400 ms  DeleteObjects: 0.080800 ms)

AssetImportParameters requested are different than current active one (requested -> active):
  custom:video-decoder-ogg-theora: a1e56fd34408186e4bbccfd4996cb3dc -> 
  custom:container-muxer-webm: aa71ff27fc2769a1b78a27578f13a17b -> 
  custom:container-demuxer-webm: 4f35f7cbe854078d1ac9338744f61a02 -> 
  custom:video-encoder-webm-vp8: eb34c28f22e8b96e1ab97ce403110664 -> 
  custom:video-codec-MediaFoundation-h265: 746d11721c4dcdbdad8f713fa42b33f4 -> 
  custom:audio-encoder-webm-vorbis: bf7c407c2cedff20999df2af8eb42d56 -> 
  custom:framework-win-MediaFoundation: 216162199b28c13a410421893ffa2e32 -> 
  custom:container-demuxer-ogg: 62fdf1f143b41e24485cea50d1cbac27 -> 
  custom:video-decoder-webm-vp8: 9c59270c3fd7afecdb556c50c9e8de78 -> 
  custom:audio-decoder-ogg-vorbis: bf7c407c2cedff20999df2af8eb42d56 -> 
========================================================================
Received Prepare
Registering precompiled user dll's ...
Registered in 0.004961 seconds.
Begin MonoManager ReloadAssembly
Symbol file LoadedFromMemory doesn't match image C:\Users\miss_\OneDrive\Documents\TPJeu\5J5\Library\PackageCache\com.unity.visualscripting@1.7.8\Editor\VisualScripting.Core\Dependencies\YamlDotNet\Unity.VisualScripting.YamlDotNet.dll
Symbol file LoadedFromMemory doesn't match image C:\Users\miss_\OneDrive\Documents\TPJeu\5J5\Library\PackageCache\com.unity.visualscripting@1.7.8\Editor\VisualScripting.Core\Dependencies\DotNetZip\Unity.VisualScripting.IonicZip.dll
Native extension for WindowsStandalone target not found
Refreshing native plugins compatible for Editor in 0.99 ms, found 3 plugins.
Preloading 0 native plugins for Editor in 0.00 ms.
Mono: successfully reloaded assembly
- Completed reload, in  0.989 seconds
Domain Reload Profiling:
	ReloadAssembly (990ms)
		BeginReloadAssembly (112ms)
			ExecutionOrderSort (0ms)
			DisableScriptedObjects (4ms)
			BackupInstance (0ms)
			ReleaseScriptingObjects (0ms)
			CreateAndSetChildDomain (36ms)
		EndReloadAssembly (759ms)
			LoadAssemblies (109ms)
			RebuildTransferFunctionScriptingTraits (0ms)
			SetupTypeCache (211ms)
				TypeCache.Initialize (201ms)
					TypeCache.ScanAssembly (196ms)
				ResolveRequiredComponents (10ms)
			ReleaseScriptCaches (2ms)
			RebuildScriptCaches (35ms)
			SetupLoadedEditorAssemblies (337ms)
				LogAssemblyErrors (0ms)
				InitializePlatformSupportModulesInManaged (8ms)
				SetLoadedEditorAssemblies (6ms)
				RefreshPlugins (1ms)
				BeforeProcessingInitializeOnLoad (59ms)
				ProcessInitializeOnLoadAttributes (191ms)
				ProcessInitializeOnLoadMethodAttributes (66ms)
				AfterProcessingInitializeOnLoad (5ms)
				EditorAssembliesLoaded (0ms)
			ExecutionOrderSort2 (0ms)
			AwakeInstancesAfterBackupRestoration (10ms)
Platform modules already initialized, skipping
Refreshing native plugins compatible for Editor in 1.84 ms, found 3 plugins.
Preloading 0 native plugins for Editor in 0.00 ms.
Unloading 5838 Unused Serialized files (Serialized files now loaded: 0)
Unloading 32 unused Assets / (1.0 MB). Loaded Objects now: 6503.
Memory consumption went from 0.91 GB to 0.90 GB.
Total: 3.392400 ms (FindLiveObjects: 0.319200 ms CreateObjectMapping: 0.207100 ms MarkObjects: 2.515400 ms  DeleteObjects: 0.349500 ms)

AssetImportParameters requested are different than current active one (requested -> active):
  custom:video-decoder-ogg-theora: a1e56fd34408186e4bbccfd4996cb3dc -> 
  custom:container-muxer-webm: aa71ff27fc2769a1b78a27578f13a17b -> 
  custom:container-demuxer-webm: 4f35f7cbe854078d1ac9338744f61a02 -> 
  custom:video-encoder-webm-vp8: eb34c28f22e8b96e1ab97ce403110664 -> 
  custom:video-codec-MediaFoundation-h265: 746d11721c4dcdbdad8f713fa42b33f4 -> 
  custom:audio-encoder-webm-vorbis: bf7c407c2cedff20999df2af8eb42d56 -> 
  custom:framework-win-MediaFoundation: 216162199b28c13a410421893ffa2e32 -> 
  custom:container-demuxer-ogg: 62fdf1f143b41e24485cea50d1cbac27 -> 
  custom:video-decoder-webm-vp8: 9c59270c3fd7afecdb556c50c9e8de78 -> 
  custom:audio-decoder-ogg-vorbis: bf7c407c2cedff20999df2af8eb42d56 -> 
========================================================================
Received Import Request.
  Time since last request: 786.787508 seconds.
  path: Assets/Aligned Games/Polygonal Foliage Asset Package/Materials/atlass_1_1.mat
  artifactKey: Guid(85e89f3b829c70a4a85a798f89bd18ed) Importer(815301076,1909f56bfc062723c751e8b465ee728b)
Start importing Assets/Aligned Games/Polygonal Foliage Asset Package/Materials/atlass_1_1.mat using Guid(85e89f3b829c70a4a85a798f89bd18ed) Importer(815301076,1909f56bfc062723c751e8b465ee728b)  -> (artifact id: '8a49acc9280e945b168ad5f2e88eb85c') in 0.234982 seconds 
========================================================================
Received Import Request.
  Time since last request: 0.808179 seconds.
  path: Assets/Aligned Games/Polygonal Foliage Asset Package/Textures/atlass_1_diffuse.png
  artifactKey: Guid(bb8118f34410a604dbf31c021fae3009) Importer(815301076,1909f56bfc062723c751e8b465ee728b)
Start importing Assets/Aligned Games/Polygonal Foliage Asset Package/Textures/atlass_1_diffuse.png using Guid(bb8118f34410a604dbf31c021fae3009) Importer(815301076,1909f56bfc062723c751e8b465ee728b)  -> (artifact id: 'e68c040eb339f4d13527dcbcbeb86564') in 0.049330 seconds 
========================================================================
Received Import Request.
  Time since last request: 34.356377 seconds.
  path: Assets/Aligned Games/Polygonal Foliage Asset Package/Profiles/Post-processingProfile1.asset
  artifactKey: Guid(fa126a07e4127994ca0d2a6907320ba8) Importer(815301076,1909f56bfc062723c751e8b465ee728b)
Start importing Assets/Aligned Games/Polygonal Foliage Asset Package/Profiles/Post-processingProfile1.asset using Guid(fa126a07e4127994ca0d2a6907320ba8) Importer(815301076,1909f56bfc062723c751e8b465ee728b)  -> (artifact id: '6c22bac7a03c204f210e8f32defee987') in 0.007971 seconds 
========================================================================
Received Import Request.
  Time since last request: 17.596959 seconds.
  path: Assets/Aligned Games/Polygonal Foliage Asset Package/Models/Rocks
  artifactKey: Guid(8272673c15520644fb0fb45f427ab346) Importer(815301076,1909f56bfc062723c751e8b465ee728b)
Start importing Assets/Aligned Games/Polygonal Foliage Asset Package/Models/Rocks using Guid(8272673c15520644fb0fb45f427ab346) Importer(815301076,1909f56bfc062723c751e8b465ee728b)  -> (artifact id: '7d41a586d157a523fac2f4d05e5dc9ec') in 0.008760 seconds 
========================================================================
Received Import Request.
  Time since last request: 2.191673 seconds.
  path: Assets/Aligned Games/Polygonal Foliage Asset Package/Models/Rocks/Rock27
  artifactKey: Guid(da1349a0b73f8794287ded11516ceb9e) Importer(815301076,1909f56bfc062723c751e8b465ee728b)
Start importing Assets/Aligned Games/Polygonal Foliage Asset Package/Models/Rocks/Rock27 using Guid(da1349a0b73f8794287ded11516ceb9e) Importer(815301076,1909f56bfc062723c751e8b465ee728b)  -> (artifact id: 'eabcc9ff735884444991135e7206b786') in 0.004733 seconds 
========================================================================
Received Import Request.
  Time since last request: 0.120008 seconds.
  path: Assets/Aligned Games/Polygonal Foliage Asset Package/Models/Rocks/Rock27/rock_27.fbx
  artifactKey: Guid(a3cba46321a09f44697bc02b299bab06) Importer(815301076,1909f56bfc062723c751e8b465ee728b)
Start importing Assets/Aligned Games/Polygonal Foliage Asset Package/Models/Rocks/Rock27/rock_27.fbx using Guid(a3cba46321a09f44697bc02b299bab06) Importer(815301076,1909f56bfc062723c751e8b465ee728b)  -> (artifact id: '3a32f2f202d36b8940a69c830745f52b') in 0.085592 seconds 
========================================================================
Received Import Request.
  Time since last request: 5.426998 seconds.
  path: Assets/Aligned Games/Polygonal Foliage Asset Package/Models/Rocks/Rock1
  artifactKey: Guid(44f7758b5b03ec748b476eac52b3262b) Importer(815301076,1909f56bfc062723c751e8b465ee728b)
Start importing Assets/Aligned Games/Polygonal Foliage Asset Package/Models/Rocks/Rock1 using Guid(44f7758b5b03ec748b476eac52b3262b) Importer(815301076,1909f56bfc062723c751e8b465ee728b)  -> (artifact id: '7cf1b68cbbb98e98a3774542837c4bbf') in 0.004650 seconds 
========================================================================
Received Import Request.
  Time since last request: 0.119243 seconds.
  path: Assets/Aligned Games/Polygonal Foliage Asset Package/Models/Rocks/Rock1/rock_1.fbx
  artifactKey: Guid(3db6b60ec2edaed4d87a20221f431ee4) Importer(815301076,1909f56bfc062723c751e8b465ee728b)
Start importing Assets/Aligned Games/Polygonal Foliage Asset Package/Models/Rocks/Rock1/rock_1.fbx using Guid(3db6b60ec2edaed4d87a20221f431ee4) Importer(815301076,1909f56bfc062723c751e8b465ee728b)  -> (artifact id: '6389c390a5a0178d926c22ccce180c59') in 0.068504 seconds 
========================================================================
Received Import Request.
  Time since last request: 12.782668 seconds.
  path: Assets/Aligned Games/Polygonal Foliage Asset Package/Models/Rocks/Rock2
  artifactKey: Guid(4201e3eb58dbeb74a8743f9fd75fdc93) Importer(815301076,1909f56bfc062723c751e8b465ee728b)
Start importing Assets/Aligned Games/Polygonal Foliage Asset Package/Models/Rocks/Rock2 using Guid(4201e3eb58dbeb74a8743f9fd75fdc93) Importer(815301076,1909f56bfc062723c751e8b465ee728b)  -> (artifact id: 'a3c7348dbe8fcfad2c84cf54e88b7b3d') in 0.007544 seconds 
========================================================================
Received Import Request.
  Time since last request: 1.516320 seconds.
  path: Assets/Aligned Games/Polygonal Foliage Asset Package/Models/Rocks/Rock2/rock_2.fbx
  artifactKey: Guid(a8795446c073b5045a24a590c004996e) Importer(815301076,1909f56bfc062723c751e8b465ee728b)
Start importing Assets/Aligned Games/Polygonal Foliage Asset Package/Models/Rocks/Rock2/rock_2.fbx using Guid(a8795446c073b5045a24a590c004996e) Importer(815301076,1909f56bfc062723c751e8b465ee728b)  -> (artifact id: '6fca57b20275262ca97960dda45250d4') in 0.054611 seconds 
========================================================================
Received Import Request.
  Time since last request: 2.590442 seconds.
  path: Assets/Aligned Games/Polygonal Foliage Asset Package/Models/Rocks/Rock3
  artifactKey: Guid(e948870bf57c88a42baa53902041575c) Importer(815301076,1909f56bfc062723c751e8b465ee728b)
Start importing Assets/Aligned Games/Polygonal Foliage Asset Package/Models/Rocks/Rock3 using Guid(e948870bf57c88a42baa53902041575c) Importer(815301076,1909f56bfc062723c751e8b465ee728b)  -> (artifact id: '0057d0ab7bf4a9880f655aa5743a881d') in 0.014580 seconds 
========================================================================
Received Import Request.
  Time since last request: 0.737888 seconds.
  path: Assets/Aligned Games/Polygonal Foliage Asset Package/Models/Rocks/Rock3/rock_3.fbx
  artifactKey: Guid(2d7fbc8e8e8b5e54a9acfe399d1cef71) Importer(815301076,1909f56bfc062723c751e8b465ee728b)
Start importing Assets/Aligned Games/Polygonal Foliage Asset Package/Models/Rocks/Rock3/rock_3.fbx using Guid(2d7fbc8e8e8b5e54a9acfe399d1cef71) Importer(815301076,1909f56bfc062723c751e8b465ee728b)  -> (artifact id: '642ea28480224148a53fe5aa80dffbc5') in 0.050195 seconds 
========================================================================
Received Import Request.
  Time since last request: 2.909638 seconds.
  path: Assets/Aligned Games/Polygonal Foliage Asset Package/Models/Rocks/Rock19
  artifactKey: Guid(620b7fa3c4ffa834e8130031591d759f) Importer(815301076,1909f56bfc062723c751e8b465ee728b)
Start importing Assets/Aligned Games/Polygonal Foliage Asset Package/Models/Rocks/Rock19 using Guid(620b7fa3c4ffa834e8130031591d759f) Importer(815301076,1909f56bfc062723c751e8b465ee728b)  -> (artifact id: 'f17ef9d11587f4d2f68fe6deb1033eb4') in 0.010475 seconds 
========================================================================
Received Import Request.
  Time since last request: 0.093644 seconds.
  path: Assets/Aligned Games/Polygonal Foliage Asset Package/Models/Rocks/Rock19/rock_19.fbx
  artifactKey: Guid(f954f6176fd765c4ca6082f9c5c0cf0d) Importer(815301076,1909f56bfc062723c751e8b465ee728b)
Start importing Assets/Aligned Games/Polygonal Foliage Asset Package/Models/Rocks/Rock19/rock_19.fbx using Guid(f954f6176fd765c4ca6082f9c5c0cf0d) Importer(815301076,1909f56bfc062723c751e8b465ee728b)  -> (artifact id: '415da5a5531622a86cbbf043b0a0f1d9') in 0.061175 seconds 
========================================================================
Received Import Request.
  Time since last request: 4.168568 seconds.
  path: Assets/Aligned Games/Polygonal Foliage Asset Package/Models
  artifactKey: Guid(12a31e1d59b5cec449275f53966a9ad6) Importer(815301076,1909f56bfc062723c751e8b465ee728b)
Start importing Assets/Aligned Games/Polygonal Foliage Asset Package/Models using Guid(12a31e1d59b5cec449275f53966a9ad6) Importer(815301076,1909f56bfc062723c751e8b465ee728b)  -> (artifact id: 'd7c913ff4194d28f79d10864b156f5ec') in 0.008951 seconds 
========================================================================
Received Import Request.
  Time since last request: 3.834871 seconds.
  path: Assets/Aligned Games/Polygonal Foliage Asset Package/Models/Cliffs
  artifactKey: Guid(b0f2c3ed00051ab45b39595eff41f2a6) Importer(815301076,1909f56bfc062723c751e8b465ee728b)
Start importing Assets/Aligned Games/Polygonal Foliage Asset Package/Models/Cliffs using Guid(b0f2c3ed00051ab45b39595eff41f2a6) Importer(815301076,1909f56bfc062723c751e8b465ee728b)  -> (artifact id: '8e936fbee438e5c69c703f4bd58fe62b') in 0.014238 seconds 
========================================================================
Received Import Request.
  Time since last request: 1.207493 seconds.
  path: Assets/Aligned Games/Polygonal Foliage Asset Package/Models/Cliffs/Cliff9
  artifactKey: Guid(907c3c018553e87479f405aef21f8a32) Importer(815301076,1909f56bfc062723c751e8b465ee728b)
Start importing Assets/Aligned Games/Polygonal Foliage Asset Package/Models/Cliffs/Cliff9 using Guid(907c3c018553e87479f405aef21f8a32) Importer(815301076,1909f56bfc062723c751e8b465ee728b)  -> (artifact id: '80f270fee6abac4d27c3989f3e329367') in 0.013035 seconds 
========================================================================
Received Import Request.
  Time since last request: 0.080294 seconds.
  path: Assets/Aligned Games/Polygonal Foliage Asset Package/Models/Cliffs/Cliff9/cliff_9.fbx
  artifactKey: Guid(b5193c4104a19964a88080b586933547) Importer(815301076,1909f56bfc062723c751e8b465ee728b)
Start importing Assets/Aligned Games/Polygonal Foliage Asset Package/Models/Cliffs/Cliff9/cliff_9.fbx using Guid(b5193c4104a19964a88080b586933547) Importer(815301076,1909f56bfc062723c751e8b465ee728b)  -> (artifact id: '9adbd130e04741a5a1f8383bd7087c32') in 0.065003 seconds 
========================================================================
Received Import Request.
  Time since last request: 10.290689 seconds.
  path: Assets/Aligned Games/Polygonal Foliage Asset Package/Models/Cliffs/Cliff1
  artifactKey: Guid(f9b4c1c353fb3d44a990dfc8d5561283) Importer(815301076,1909f56bfc062723c751e8b465ee728b)
Start importing Assets/Aligned Games/Polygonal Foliage Asset Package/Models/Cliffs/Cliff1 using Guid(f9b4c1c353fb3d44a990dfc8d5561283) Importer(815301076,1909f56bfc062723c751e8b465ee728b)  -> (artifact id: 'acc450c6df04a28586639aa7dc5f070c') in 0.009650 seconds 
========================================================================
Received Import Request.
  Time since last request: 0.464494 seconds.
  path: Assets/Aligned Games/Polygonal Foliage Asset Package/Models/Cliffs/Cliff1/cliff_1.fbx
  artifactKey: Guid(d14e9e1099a52d24e9717f38fc099bf3) Importer(815301076,1909f56bfc062723c751e8b465ee728b)
Start importing Assets/Aligned Games/Polygonal Foliage Asset Package/Models/Cliffs/Cliff1/cliff_1.fbx using Guid(d14e9e1099a52d24e9717f38fc099bf3) Importer(815301076,1909f56bfc062723c751e8b465ee728b)  -> (artifact id: 'c0402f4499a311ddd951624a5129d91e') in 0.040579 seconds 
========================================================================
Received Import Request.
  Time since last request: 12.995371 seconds.
  path: Assets/Aligned Games/Polygonal Foliage Asset Package/Models/Cliffs/Cliff1/cliff_1.fbx
  artifactKey: Guid(d14e9e1099a52d24e9717f38fc099bf3) Importer(815301076,1909f56bfc062723c751e8b465ee728b)
Start importing Assets/Aligned Games/Polygonal Foliage Asset Package/Models/Cliffs/Cliff1/cliff_1.fbx using Guid(d14e9e1099a52d24e9717f38fc099bf3) Importer(815301076,1909f56bfc062723c751e8b465ee728b)  -> (artifact id: '314ba3cd822b407af37e5a99e86d21d6') in 0.055438 seconds 
========================================================================
Received Import Request.
  Time since last request: 21.903150 seconds.
  path: Assets/Aligned Games/Polygonal Foliage Asset Package/Models/Cliffs/Cliff2
  artifactKey: Guid(fc3e80c9a9711de4db20301a16fbd1e3) Importer(815301076,1909f56bfc062723c751e8b465ee728b)
Start importing Assets/Aligned Games/Polygonal Foliage Asset Package/Models/Cliffs/Cliff2 using Guid(fc3e80c9a9711de4db20301a16fbd1e3) Importer(815301076,1909f56bfc062723c751e8b465ee728b)  -> (artifact id: 'b3c9884ed57bea952fc00e6fecddbc39') in 0.010146 seconds 
========================================================================
Received Import Request.
  Time since last request: 0.076652 seconds.
  path: Assets/Aligned Games/Polygonal Foliage Asset Package/Models/Cliffs/Cliff2/cliff_2.fbx
  artifactKey: Guid(c394a55e497a61f4cb10879c14d017e9) Importer(815301076,1909f56bfc062723c751e8b465ee728b)
Start importing Assets/Aligned Games/Polygonal Foliage Asset Package/Models/Cliffs/Cliff2/cliff_2.fbx using Guid(c394a55e497a61f4cb10879c14d017e9) Importer(815301076,1909f56bfc062723c751e8b465ee728b)  -> (artifact id: '7e129f9c6a5fc5a3bc40458b91a7cf51') in 0.053046 seconds 
========================================================================
Received Import Request.
  Time since last request: 4.463437 seconds.
  path: Assets/Aligned Games/Polygonal Foliage Asset Package/Models/Cliffs/Cliff3
  artifactKey: Guid(a57f0912a06ce9d41a96b832406260d6) Importer(815301076,1909f56bfc062723c751e8b465ee728b)
Start importing Assets/Aligned Games/Polygonal Foliage Asset Package/Models/Cliffs/Cliff3 using Guid(a57f0912a06ce9d41a96b832406260d6) Importer(815301076,1909f56bfc062723c751e8b465ee728b)  -> (artifact id: '58361b5aac23cc3314e2e76f1bc92f59') in 0.015253 seconds 
========================================================================
Received Import Request.
  Time since last request: 0.055741 seconds.
  path: Assets/Aligned Games/Polygonal Foliage Asset Package/Models/Cliffs/Cliff3/cliff_3.fbx
  artifactKey: Guid(35bcdd19e8ab0154f8067cebde611a1f) Importer(815301076,1909f56bfc062723c751e8b465ee728b)
Start importing Assets/Aligned Games/Polygonal Foliage Asset Package/Models/Cliffs/Cliff3/cliff_3.fbx using Guid(35bcdd19e8ab0154f8067cebde611a1f) Importer(815301076,1909f56bfc062723c751e8b465ee728b)  -> (artifact id: 'aff1514d066694dcbda52490e429be36') in 0.057474 seconds 
========================================================================
Received Import Request.
  Time since last request: 8.951069 seconds.
  path: Assets/Aligned Games/Polygonal Foliage Asset Package/Models/Cliffs/Cliff3/cliff_3.fbx
  artifactKey: Guid(35bcdd19e8ab0154f8067cebde611a1f) Importer(815301076,1909f56bfc062723c751e8b465ee728b)
Start importing Assets/Aligned Games/Polygonal Foliage Asset Package/Models/Cliffs/Cliff3/cliff_3.fbx using Guid(35bcdd19e8ab0154f8067cebde611a1f) Importer(815301076,1909f56bfc062723c751e8b465ee728b)  -> (artifact id: '6d0435697658f2d3941595c8b0daac01') in 0.112903 seconds 
========================================================================
Received Import Request.
  Time since last request: 130.319254 seconds.
  path: Assets/Aligned Games/Polygonal Foliage Asset Package/Models/Cliffs/Cliff4
  artifactKey: Guid(c3ff64c0686971a4f82b0057045d249a) Importer(815301076,1909f56bfc062723c751e8b465ee728b)
Start importing Assets/Aligned Games/Polygonal Foliage Asset Package/Models/Cliffs/Cliff4 using Guid(c3ff64c0686971a4f82b0057045d249a) Importer(815301076,1909f56bfc062723c751e8b465ee728b)  -> (artifact id: '2bc76f06c1dad3403b0bfafd9ad98fdc') in 0.004580 seconds 
========================================================================
Received Import Request.
  Time since last request: 0.072488 seconds.
  path: Assets/Aligned Games/Polygonal Foliage Asset Package/Models/Cliffs/Cliff4/cliff_4.fbx
  artifactKey: Guid(dd76b5e048f187f439b253fffba695c0) Importer(815301076,1909f56bfc062723c751e8b465ee728b)
Start importing Assets/Aligned Games/Polygonal Foliage Asset Package/Models/Cliffs/Cliff4/cliff_4.fbx using Guid(dd76b5e048f187f439b253fffba695c0) Importer(815301076,1909f56bfc062723c751e8b465ee728b)  -> (artifact id: 'e48e1c13ad65cff72c4bd29fc4a5207d') in 0.068863 seconds 
========================================================================
Received Import Request.
  Time since last request: 165.057784 seconds.
  path: Assets/Aligned Games/Polygonal Foliage Asset Package/Models/Cliffs/Cliff4/cliff_4.prefab
  artifactKey: Guid(368393f9b1a9c7840ac8af597f29afdc) Importer(815301076,1909f56bfc062723c751e8b465ee728b)
Start importing Assets/Aligned Games/Polygonal Foliage Asset Package/Models/Cliffs/Cliff4/cliff_4.prefab using Guid(368393f9b1a9c7840ac8af597f29afdc) Importer(815301076,1909f56bfc062723c751e8b465ee728b)  -> (artifact id: 'b775ea887ac5b54726806a44d41dcada') in 0.142020 seconds 
