Using pre-set license
Built from '2022.1/staging' branch; Version is '2022.1.16f1 (7321c9670bc2) revision 7545289'; Using compiler version '192829333'; Build Type 'Release'
OS: 'Windows 11  (10.0.22621) 64bit Professional' Language: 'en' Physical Memory: 32438 MB
BatchMode: 1, IsHumanControllingUs: 0, StartBugReporterOnCrash: 0, Is64bit: 1, IsPro: 1

COMMAND LINE ARGUMENTS:
C:\Program Files\Unity 2022.1.16f1\Editor\Unity.exe
-adb2
-batchMode
-noUpm
-name
AssetImportWorker24
-projectPath
C:/Users/miss_/OneDrive/Documents/TPJeu/5J5
-logFile
Logs/AssetImportWorker24.log
-srvPort
58138
Successfully changed project path to: C:/Users/miss_/OneDrive/Documents/TPJeu/5J5
C:/Users/miss_/OneDrive/Documents/TPJeu/5J5
[UnityMemory] Configuration Parameters - Can be set up in boot.config
    "memorysetup-bucket-allocator-granularity=16"
    "memorysetup-bucket-allocator-bucket-count=8"
    "memorysetup-bucket-allocator-block-size=33554432"
    "memorysetup-bucket-allocator-block-count=8"
    "memorysetup-main-allocator-block-size=16777216"
    "memorysetup-thread-allocator-block-size=16777216"
    "memorysetup-gfx-main-allocator-block-size=16777216"
    "memorysetup-gfx-thread-allocator-block-size=16777216"
    "memorysetup-cache-allocator-block-size=4194304"
    "memorysetup-typetree-allocator-block-size=2097152"
    "memorysetup-profiler-bucket-allocator-granularity=16"
    "memorysetup-profiler-bucket-allocator-bucket-count=8"
    "memorysetup-profiler-bucket-allocator-block-size=33554432"
    "memorysetup-profiler-bucket-allocator-block-count=8"
    "memorysetup-profiler-allocator-block-size=16777216"
    "memorysetup-profiler-editor-allocator-block-size=1048576"
    "memorysetup-temp-allocator-size-main=16777216"
    "memorysetup-job-temp-allocator-block-size=2097152"
    "memorysetup-job-temp-allocator-block-size-background=1048576"
    "memorysetup-job-temp-allocator-reduction-small-platforms=262144"
    "memorysetup-temp-allocator-size-background-worker=32768"
    "memorysetup-temp-allocator-size-job-worker=262144"
    "memorysetup-temp-allocator-size-preload-manager=33554432"
    "memorysetup-temp-allocator-size-nav-mesh-worker=65536"
    "memorysetup-temp-allocator-size-audio-worker=65536"
    "memorysetup-temp-allocator-size-cloud-worker=32768"
    "memorysetup-temp-allocator-size-gi-baking-worker=262144"
    "memorysetup-temp-allocator-size-gfx=262144"
Refreshing native plugins compatible for Editor in 122.10 ms, found 3 plugins.
Preloading 0 native plugins for Editor in 0.00 ms.
Initialize engine version: 2022.1.16f1 (7321c9670bc2)
[Subsystems] Discovering subsystems at path C:/Program Files/Unity 2022.1.16f1/Editor/Data/Resources/UnitySubsystems
[Subsystems] Discovering subsystems at path C:/Users/miss_/OneDrive/Documents/TPJeu/5J5/Assets
GfxDevice: creating device client; threaded=0; jobified=0
Direct3D:
    Version:  Direct3D 11.0 [level 11.1]
    Renderer: Intel(R) Iris(R) Xe Graphics (ID=0x46a6)
    Vendor:   Intel
    VRAM:     16219 MB
    Driver:   30.0.101.1298
Initialize mono
Mono path[0] = 'C:/Program Files/Unity 2022.1.16f1/Editor/Data/Managed'
Mono path[1] = 'C:/Program Files/Unity 2022.1.16f1/Editor/Data/MonoBleedingEdge/lib/mono/unityjit-win32'
Mono config path = 'C:/Program Files/Unity 2022.1.16f1/Editor/Data/MonoBleedingEdge/etc'
Using monoOptions --debugger-agent=transport=dt_socket,embedding=1,server=y,suspend=n,address=127.0.0.1:56880
Begin MonoManager ReloadAssembly
Registering precompiled unity dll's ...
Register platform support module: C:/Program Files/Unity 2022.1.16f1/Editor/Data/PlaybackEngines/WindowsStandaloneSupport/UnityEditor.WindowsStandalone.Extensions.dll
Registered in 0.002188 seconds.
Native extension for WindowsStandalone target not found
Refreshing native plugins compatible for Editor in 85.89 ms, found 3 plugins.
Preloading 0 native plugins for Editor in 0.00 ms.
Mono: successfully reloaded assembly
- Completed reload, in  0.621 seconds
Domain Reload Profiling:
	ReloadAssembly (621ms)
		BeginReloadAssembly (87ms)
			ExecutionOrderSort (0ms)
			DisableScriptedObjects (0ms)
			BackupInstance (0ms)
			ReleaseScriptingObjects (0ms)
			CreateAndSetChildDomain (1ms)
		EndReloadAssembly (443ms)
			LoadAssemblies (86ms)
			RebuildTransferFunctionScriptingTraits (0ms)
			SetupTypeCache (118ms)
				TypeCache.Initialize (118ms)
					TypeCache.ScanAssembly (116ms)
				ResolveRequiredComponents (1ms)
			ReleaseScriptCaches (0ms)
			RebuildScriptCaches (24ms)
			SetupLoadedEditorAssemblies (252ms)
				LogAssemblyErrors (0ms)
				InitializePlatformSupportModulesInManaged (6ms)
				SetLoadedEditorAssemblies (7ms)
				RefreshPlugins (86ms)
				BeforeProcessingInitializeOnLoad (1ms)
				ProcessInitializeOnLoadAttributes (104ms)
				ProcessInitializeOnLoadMethodAttributes (48ms)
				AfterProcessingInitializeOnLoad (0ms)
				EditorAssembliesLoaded (0ms)
			ExecutionOrderSort2 (0ms)
			AwakeInstancesAfterBackupRestoration (0ms)
Platform modules already initialized, skipping
Registering precompiled user dll's ...
Registered in 0.008245 seconds.
Begin MonoManager ReloadAssembly
Symbol file LoadedFromMemory doesn't match image C:\Users\miss_\OneDrive\Documents\TPJeu\5J5\Library\PackageCache\com.unity.visualscripting@1.7.8\Editor\VisualScripting.Core\Dependencies\YamlDotNet\Unity.VisualScripting.YamlDotNet.dll
Symbol file LoadedFromMemory doesn't match image C:\Users\miss_\OneDrive\Documents\TPJeu\5J5\Library\PackageCache\com.unity.visualscripting@1.7.8\Editor\VisualScripting.Core\Dependencies\DotNetZip\Unity.VisualScripting.IonicZip.dll
Native extension for WindowsStandalone target not found
Refreshing native plugins compatible for Editor in 86.99 ms, found 3 plugins.
Preloading 0 native plugins for Editor in 0.00 ms.
Mono: successfully reloaded assembly
- Completed reload, in  1.163 seconds
Domain Reload Profiling:
	ReloadAssembly (1164ms)
		BeginReloadAssembly (81ms)
			ExecutionOrderSort (0ms)
			DisableScriptedObjects (4ms)
			BackupInstance (0ms)
			ReleaseScriptingObjects (0ms)
			CreateAndSetChildDomain (15ms)
		EndReloadAssembly (1006ms)
			LoadAssemblies (87ms)
			RebuildTransferFunctionScriptingTraits (0ms)
			SetupTypeCache (389ms)
				TypeCache.Initialize (379ms)
					TypeCache.ScanAssembly (376ms)
				ResolveRequiredComponents (10ms)
			ReleaseScriptCaches (1ms)
			RebuildScriptCaches (43ms)
			SetupLoadedEditorAssemblies (448ms)
				LogAssemblyErrors (0ms)
				InitializePlatformSupportModulesInManaged (2ms)
				SetLoadedEditorAssemblies (5ms)
				RefreshPlugins (87ms)
				BeforeProcessingInitializeOnLoad (90ms)
				ProcessInitializeOnLoadAttributes (204ms)
				ProcessInitializeOnLoadMethodAttributes (57ms)
				AfterProcessingInitializeOnLoad (3ms)
				EditorAssembliesLoaded (0ms)
			ExecutionOrderSort2 (0ms)
			AwakeInstancesAfterBackupRestoration (4ms)
Platform modules already initialized, skipping
========================================================================
Worker process is ready to serve import requests
Launched and connected shader compiler UnityShaderCompiler.exe after 0.04 seconds
Refreshing native plugins compatible for Editor in 1.14 ms, found 3 plugins.
Preloading 0 native plugins for Editor in 0.00 ms.
Unloading 5980 Unused Serialized files (Serialized files now loaded: 0)
Unloading 38 unused Assets / (350.8 KB). Loaded Objects now: 6439.
Memory consumption went from 0.92 GB to 0.92 GB.
Total: 7.663400 ms (FindLiveObjects: 0.373600 ms CreateObjectMapping: 0.236700 ms MarkObjects: 6.894600 ms  DeleteObjects: 0.157300 ms)

AssetImportParameters requested are different than current active one (requested -> active):
  custom:video-decoder-ogg-theora: a1e56fd34408186e4bbccfd4996cb3dc -> 
  custom:container-muxer-webm: aa71ff27fc2769a1b78a27578f13a17b -> 
  custom:container-demuxer-webm: 4f35f7cbe854078d1ac9338744f61a02 -> 
  custom:video-encoder-webm-vp8: eb34c28f22e8b96e1ab97ce403110664 -> 
  custom:video-codec-MediaFoundation-h265: 746d11721c4dcdbdad8f713fa42b33f4 -> 
  custom:audio-encoder-webm-vorbis: bf7c407c2cedff20999df2af8eb42d56 -> 
  custom:framework-win-MediaFoundation: 216162199b28c13a410421893ffa2e32 -> 
  custom:container-demuxer-ogg: 62fdf1f143b41e24485cea50d1cbac27 -> 
  custom:video-decoder-webm-vp8: 9c59270c3fd7afecdb556c50c9e8de78 -> 
  custom:audio-decoder-ogg-vorbis: bf7c407c2cedff20999df2af8eb42d56 -> 
========================================================================
Received Import Request.
  Time since last request: 226082.052128 seconds.
  path: Assets/RPGPP_LT/Prefabs/Nature/Sky/rpgpp_lt_cloud_02.prefab
  artifactKey: Guid(f661498175107c749a33d97304c423eb) Importer(815301076,1909f56bfc062723c751e8b465ee728b)
Start importing Assets/RPGPP_LT/Prefabs/Nature/Sky/rpgpp_lt_cloud_02.prefab using Guid(f661498175107c749a33d97304c423eb) Importer(815301076,1909f56bfc062723c751e8b465ee728b)  -> (artifact id: 'ef191b693fb41f242dff8c32b3ddbef0') in 0.347801 seconds 
========================================================================
Received Import Request.
  Time since last request: 4.943094 seconds.
  path: Assets/RPGPP_LT/Prefabs/Nature/Vegetation/Bushes/rpgpp_lt_bush_02.prefab
  artifactKey: Guid(efd8147160aa6c64c8121a2ed788744e) Importer(815301076,1909f56bfc062723c751e8b465ee728b)
Start importing Assets/RPGPP_LT/Prefabs/Nature/Vegetation/Bushes/rpgpp_lt_bush_02.prefab using Guid(efd8147160aa6c64c8121a2ed788744e) Importer(815301076,1909f56bfc062723c751e8b465ee728b)  -> (artifact id: '2a2f73cca9a8828b78425c2594a9e7cf') in 0.041952 seconds 
========================================================================
Received Import Request.
  Time since last request: 7.928715 seconds.
  path: Assets/RPGPP_LT/Prefabs/Nature/Vegetation/Flowers/rpgpp_lt_flower_02.prefab
  artifactKey: Guid(186ecc7a1f977cc4fab5658c00fa3c4d) Importer(815301076,1909f56bfc062723c751e8b465ee728b)
Start importing Assets/RPGPP_LT/Prefabs/Nature/Vegetation/Flowers/rpgpp_lt_flower_02.prefab using Guid(186ecc7a1f977cc4fab5658c00fa3c4d) Importer(815301076,1909f56bfc062723c751e8b465ee728b)  -> (artifact id: '6428825f962a0c2358b76a0d74ff0095') in 0.041330 seconds 
========================================================================
Received Prepare
Registering precompiled user dll's ...
Registered in 0.005067 seconds.
Begin MonoManager ReloadAssembly
Symbol file LoadedFromMemory doesn't match image C:\Users\miss_\OneDrive\Documents\TPJeu\5J5\Library\PackageCache\com.unity.visualscripting@1.7.8\Editor\VisualScripting.Core\Dependencies\YamlDotNet\Unity.VisualScripting.YamlDotNet.dll
Symbol file LoadedFromMemory doesn't match image C:\Users\miss_\OneDrive\Documents\TPJeu\5J5\Library\PackageCache\com.unity.visualscripting@1.7.8\Editor\VisualScripting.Core\Dependencies\DotNetZip\Unity.VisualScripting.IonicZip.dll
Native extension for WindowsStandalone target not found
Refreshing native plugins compatible for Editor in 1.07 ms, found 3 plugins.
Preloading 0 native plugins for Editor in 0.00 ms.
Mono: successfully reloaded assembly
- Completed reload, in  1.283 seconds
Domain Reload Profiling:
	ReloadAssembly (1284ms)
		BeginReloadAssembly (104ms)
			ExecutionOrderSort (0ms)
			DisableScriptedObjects (5ms)
			BackupInstance (0ms)
			ReleaseScriptingObjects (0ms)
			CreateAndSetChildDomain (35ms)
		EndReloadAssembly (1106ms)
			LoadAssemblies (82ms)
			RebuildTransferFunctionScriptingTraits (0ms)
			SetupTypeCache (324ms)
				TypeCache.Initialize (315ms)
					TypeCache.ScanAssembly (310ms)
				ResolveRequiredComponents (9ms)
			ReleaseScriptCaches (3ms)
			RebuildScriptCaches (69ms)
			SetupLoadedEditorAssemblies (515ms)
				LogAssemblyErrors (0ms)
				InitializePlatformSupportModulesInManaged (13ms)
				SetLoadedEditorAssemblies (11ms)
				RefreshPlugins (1ms)
				BeforeProcessingInitializeOnLoad (85ms)
				ProcessInitializeOnLoadAttributes (307ms)
				ProcessInitializeOnLoadMethodAttributes (93ms)
				AfterProcessingInitializeOnLoad (5ms)
				EditorAssembliesLoaded (0ms)
			ExecutionOrderSort2 (0ms)
			AwakeInstancesAfterBackupRestoration (10ms)
Platform modules already initialized, skipping
Refreshing native plugins compatible for Editor in 2.55 ms, found 3 plugins.
Preloading 0 native plugins for Editor in 0.00 ms.
Unloading 5835 Unused Serialized files (Serialized files now loaded: 0)
Unloading 30 unused Assets / (309.8 KB). Loaded Objects now: 6493.
Memory consumption went from 0.90 GB to 0.90 GB.
Total: 4.365300 ms (FindLiveObjects: 0.415100 ms CreateObjectMapping: 0.346900 ms MarkObjects: 3.489200 ms  DeleteObjects: 0.112100 ms)

AssetImportParameters requested are different than current active one (requested -> active):
  custom:video-decoder-ogg-theora: a1e56fd34408186e4bbccfd4996cb3dc -> 
  custom:container-muxer-webm: aa71ff27fc2769a1b78a27578f13a17b -> 
  custom:container-demuxer-webm: 4f35f7cbe854078d1ac9338744f61a02 -> 
  custom:video-encoder-webm-vp8: eb34c28f22e8b96e1ab97ce403110664 -> 
  custom:video-codec-MediaFoundation-h265: 746d11721c4dcdbdad8f713fa42b33f4 -> 
  custom:audio-encoder-webm-vorbis: bf7c407c2cedff20999df2af8eb42d56 -> 
  custom:framework-win-MediaFoundation: 216162199b28c13a410421893ffa2e32 -> 
  custom:container-demuxer-ogg: 62fdf1f143b41e24485cea50d1cbac27 -> 
  custom:video-decoder-webm-vp8: 9c59270c3fd7afecdb556c50c9e8de78 -> 
  custom:audio-decoder-ogg-vorbis: bf7c407c2cedff20999df2af8eb42d56 -> 
========================================================================
Received Prepare
Registering precompiled user dll's ...
Registered in 0.005239 seconds.
Begin MonoManager ReloadAssembly
Symbol file LoadedFromMemory doesn't match image C:\Users\miss_\OneDrive\Documents\TPJeu\5J5\Library\PackageCache\com.unity.visualscripting@1.7.8\Editor\VisualScripting.Core\Dependencies\YamlDotNet\Unity.VisualScripting.YamlDotNet.dll
Symbol file LoadedFromMemory doesn't match image C:\Users\miss_\OneDrive\Documents\TPJeu\5J5\Library\PackageCache\com.unity.visualscripting@1.7.8\Editor\VisualScripting.Core\Dependencies\DotNetZip\Unity.VisualScripting.IonicZip.dll
Native extension for WindowsStandalone target not found
Refreshing native plugins compatible for Editor in 0.93 ms, found 3 plugins.
Preloading 0 native plugins for Editor in 0.00 ms.
Mono: successfully reloaded assembly
- Completed reload, in  0.972 seconds
Domain Reload Profiling:
	ReloadAssembly (973ms)
		BeginReloadAssembly (110ms)
			ExecutionOrderSort (0ms)
			DisableScriptedObjects (3ms)
			BackupInstance (0ms)
			ReleaseScriptingObjects (0ms)
			CreateAndSetChildDomain (34ms)
		EndReloadAssembly (758ms)
			LoadAssemblies (121ms)
			RebuildTransferFunctionScriptingTraits (0ms)
			SetupTypeCache (209ms)
				TypeCache.Initialize (200ms)
					TypeCache.ScanAssembly (195ms)
				ResolveRequiredComponents (9ms)
			ReleaseScriptCaches (2ms)
			RebuildScriptCaches (35ms)
			SetupLoadedEditorAssemblies (333ms)
				LogAssemblyErrors (0ms)
				InitializePlatformSupportModulesInManaged (8ms)
				SetLoadedEditorAssemblies (6ms)
				RefreshPlugins (1ms)
				BeforeProcessingInitializeOnLoad (61ms)
				ProcessInitializeOnLoadAttributes (190ms)
				ProcessInitializeOnLoadMethodAttributes (61ms)
				AfterProcessingInitializeOnLoad (5ms)
				EditorAssembliesLoaded (0ms)
			ExecutionOrderSort2 (0ms)
			AwakeInstancesAfterBackupRestoration (14ms)
Platform modules already initialized, skipping
Refreshing native plugins compatible for Editor in 1.87 ms, found 3 plugins.
Preloading 0 native plugins for Editor in 0.00 ms.
Unloading 5838 Unused Serialized files (Serialized files now loaded: 0)
Unloading 32 unused Assets / (1.0 MB). Loaded Objects now: 6499.
Memory consumption went from 0.91 GB to 0.90 GB.
Total: 3.383300 ms (FindLiveObjects: 0.323100 ms CreateObjectMapping: 0.211400 ms MarkObjects: 2.477400 ms  DeleteObjects: 0.370200 ms)

AssetImportParameters requested are different than current active one (requested -> active):
  custom:video-decoder-ogg-theora: a1e56fd34408186e4bbccfd4996cb3dc -> 
  custom:container-muxer-webm: aa71ff27fc2769a1b78a27578f13a17b -> 
  custom:container-demuxer-webm: 4f35f7cbe854078d1ac9338744f61a02 -> 
  custom:video-encoder-webm-vp8: eb34c28f22e8b96e1ab97ce403110664 -> 
  custom:video-codec-MediaFoundation-h265: 746d11721c4dcdbdad8f713fa42b33f4 -> 
  custom:audio-encoder-webm-vorbis: bf7c407c2cedff20999df2af8eb42d56 -> 
  custom:framework-win-MediaFoundation: 216162199b28c13a410421893ffa2e32 -> 
  custom:container-demuxer-ogg: 62fdf1f143b41e24485cea50d1cbac27 -> 
  custom:video-decoder-webm-vp8: 9c59270c3fd7afecdb556c50c9e8de78 -> 
  custom:audio-decoder-ogg-vorbis: bf7c407c2cedff20999df2af8eb42d56 -> 
========================================================================
Received Import Request.
  Time since last request: 829.890815 seconds.
  path: Assets/Aligned Games/Polygonal Foliage Asset Package/Materials/atlass_1_2.mat
  artifactKey: Guid(8e6f7b24df38b1c4db797b100135d36e) Importer(815301076,1909f56bfc062723c751e8b465ee728b)
Start importing Assets/Aligned Games/Polygonal Foliage Asset Package/Materials/atlass_1_2.mat using Guid(8e6f7b24df38b1c4db797b100135d36e) Importer(815301076,1909f56bfc062723c751e8b465ee728b)  -> (artifact id: '7587516f02837f08572f13c958a8b1fe') in 0.491396 seconds 
========================================================================
Received Import Request.
  Time since last request: 54.918436 seconds.
  path: Assets/Aligned Games/Polygonal Foliage Asset Package/Models/Rocks/Rock27/rock_27.prefab
  artifactKey: Guid(c1ed4cd9bbdf59a4bb6c5b4013e83f05) Importer(815301076,1909f56bfc062723c751e8b465ee728b)
Start importing Assets/Aligned Games/Polygonal Foliage Asset Package/Models/Rocks/Rock27/rock_27.prefab using Guid(c1ed4cd9bbdf59a4bb6c5b4013e83f05) Importer(815301076,1909f56bfc062723c751e8b465ee728b)  -> (artifact id: 'a7bc6ff7eb9a4280c61107ab0d738f4f') in 0.045104 seconds 
========================================================================
Received Import Request.
  Time since last request: 5.600197 seconds.
  path: Assets/Aligned Games/Polygonal Foliage Asset Package/Models/Rocks/Rock1/rock_1.prefab
  artifactKey: Guid(da41ebe8e268ce3478edca856a24d3c1) Importer(815301076,1909f56bfc062723c751e8b465ee728b)
Start importing Assets/Aligned Games/Polygonal Foliage Asset Package/Models/Rocks/Rock1/rock_1.prefab using Guid(da41ebe8e268ce3478edca856a24d3c1) Importer(815301076,1909f56bfc062723c751e8b465ee728b)  -> (artifact id: '1559e380f2d65310db4ab77dac767292') in 0.048884 seconds 
========================================================================
Received Import Request.
  Time since last request: 14.334078 seconds.
  path: Assets/Aligned Games/Polygonal Foliage Asset Package/Models/Rocks/Rock2/rock_2.prefab
  artifactKey: Guid(677370ffc1854894596d5d04209a263c) Importer(815301076,1909f56bfc062723c751e8b465ee728b)
Start importing Assets/Aligned Games/Polygonal Foliage Asset Package/Models/Rocks/Rock2/rock_2.prefab using Guid(677370ffc1854894596d5d04209a263c) Importer(815301076,1909f56bfc062723c751e8b465ee728b)  -> (artifact id: '1ac7c847cb8c6a20c099d6b452197e02') in 0.025984 seconds 
========================================================================
Received Import Request.
  Time since last request: 3.380410 seconds.
  path: Assets/Aligned Games/Polygonal Foliage Asset Package/Models/Rocks/Rock3/rock_3.prefab
  artifactKey: Guid(6933375681575c64487a3427da0d73b1) Importer(815301076,1909f56bfc062723c751e8b465ee728b)
Start importing Assets/Aligned Games/Polygonal Foliage Asset Package/Models/Rocks/Rock3/rock_3.prefab using Guid(6933375681575c64487a3427da0d73b1) Importer(815301076,1909f56bfc062723c751e8b465ee728b)  -> (artifact id: '4736f5ef2b479d3c6995506277b30e43') in 0.043670 seconds 
========================================================================
Received Import Request.
  Time since last request: 3.024591 seconds.
  path: Assets/Aligned Games/Polygonal Foliage Asset Package/Models/Rocks/Rock19/rock_19.prefab
  artifactKey: Guid(ac4a9b56ec2e59e458a10630513ac2e3) Importer(815301076,1909f56bfc062723c751e8b465ee728b)
Start importing Assets/Aligned Games/Polygonal Foliage Asset Package/Models/Rocks/Rock19/rock_19.prefab using Guid(ac4a9b56ec2e59e458a10630513ac2e3) Importer(815301076,1909f56bfc062723c751e8b465ee728b)  -> (artifact id: '40f682698eca91351fceb4bd68fd5122') in 0.037516 seconds 
========================================================================
Received Import Request.
  Time since last request: 9.381440 seconds.
  path: Assets/Aligned Games/Polygonal Foliage Asset Package/Models/Cliffs/Cliff9/cliff_9.prefab
  artifactKey: Guid(ba426b22dba6c974f908bed162f89279) Importer(815301076,1909f56bfc062723c751e8b465ee728b)
Start importing Assets/Aligned Games/Polygonal Foliage Asset Package/Models/Cliffs/Cliff9/cliff_9.prefab using Guid(ba426b22dba6c974f908bed162f89279) Importer(815301076,1909f56bfc062723c751e8b465ee728b)  -> (artifact id: '6aef047f64a742d17fcdaab114957a08') in 0.024560 seconds 
========================================================================
Received Import Request.
  Time since last request: 10.815594 seconds.
  path: Assets/Aligned Games/Polygonal Foliage Asset Package/Models/Cliffs/Cliff1/cliff_1.prefab
  artifactKey: Guid(578ec68902cb8ec49ba61bb7ad1af10a) Importer(815301076,1909f56bfc062723c751e8b465ee728b)
Start importing Assets/Aligned Games/Polygonal Foliage Asset Package/Models/Cliffs/Cliff1/cliff_1.prefab using Guid(578ec68902cb8ec49ba61bb7ad1af10a) Importer(815301076,1909f56bfc062723c751e8b465ee728b)  -> (artifact id: '082c8b0eb6761a937fcde35f6b676d86') in 0.024939 seconds 
========================================================================
Received Import Request.
  Time since last request: 13.010787 seconds.
  path: Assets/Aligned Games/Polygonal Foliage Asset Package/Models/Cliffs/Cliff1/cliff_1.prefab
  artifactKey: Guid(578ec68902cb8ec49ba61bb7ad1af10a) Importer(815301076,1909f56bfc062723c751e8b465ee728b)
Start importing Assets/Aligned Games/Polygonal Foliage Asset Package/Models/Cliffs/Cliff1/cliff_1.prefab using Guid(578ec68902cb8ec49ba61bb7ad1af10a) Importer(815301076,1909f56bfc062723c751e8b465ee728b)  -> (artifact id: '3283d9e460c123e6fb5d883d3318f129') in 0.021375 seconds 
========================================================================
Received Import Request.
  Time since last request: 22.032339 seconds.
  path: Assets/Aligned Games/Polygonal Foliage Asset Package/Models/Cliffs/Cliff2/cliff_2.prefab
  artifactKey: Guid(726459f9041ad074592da564916bac1d) Importer(815301076,1909f56bfc062723c751e8b465ee728b)
Start importing Assets/Aligned Games/Polygonal Foliage Asset Package/Models/Cliffs/Cliff2/cliff_2.prefab using Guid(726459f9041ad074592da564916bac1d) Importer(815301076,1909f56bfc062723c751e8b465ee728b)  -> (artifact id: '2fd9ece07830bcb0645d3b6b66e2ed45') in 0.048308 seconds 
========================================================================
Received Import Request.
  Time since last request: 4.544546 seconds.
  path: Assets/Aligned Games/Polygonal Foliage Asset Package/Models/Cliffs/Cliff3/cliff_3.prefab
  artifactKey: Guid(a2071e3181f1c5f47b7acdff96e50f3a) Importer(815301076,1909f56bfc062723c751e8b465ee728b)
Start importing Assets/Aligned Games/Polygonal Foliage Asset Package/Models/Cliffs/Cliff3/cliff_3.prefab using Guid(a2071e3181f1c5f47b7acdff96e50f3a) Importer(815301076,1909f56bfc062723c751e8b465ee728b)  -> (artifact id: '41a8424b06d580ee0c264d1fd3eb285e') in 0.038747 seconds 
========================================================================
Received Import Request.
  Time since last request: 8.969445 seconds.
  path: Assets/Aligned Games/Polygonal Foliage Asset Package/Models/Cliffs/Cliff3/cliff_3.prefab
  artifactKey: Guid(a2071e3181f1c5f47b7acdff96e50f3a) Importer(815301076,1909f56bfc062723c751e8b465ee728b)
Start importing Assets/Aligned Games/Polygonal Foliage Asset Package/Models/Cliffs/Cliff3/cliff_3.prefab using Guid(a2071e3181f1c5f47b7acdff96e50f3a) Importer(815301076,1909f56bfc062723c751e8b465ee728b)  -> (artifact id: 'd6e5d9dd8dbc3b345d2d15434b61b680') in 0.021285 seconds 
========================================================================
Received Import Request.
  Time since last request: 130.488713 seconds.
  path: Assets/Aligned Games/Polygonal Foliage Asset Package/Models/Cliffs/Cliff4/cliff_4.prefab
  artifactKey: Guid(368393f9b1a9c7840ac8af597f29afdc) Importer(815301076,1909f56bfc062723c751e8b465ee728b)
Start importing Assets/Aligned Games/Polygonal Foliage Asset Package/Models/Cliffs/Cliff4/cliff_4.prefab using Guid(368393f9b1a9c7840ac8af597f29afdc) Importer(815301076,1909f56bfc062723c751e8b465ee728b)  -> (artifact id: '55c8c586027edd7504a40dd82638c99d') in 0.041967 seconds 
